00:54:46.506 [main] INFO  i.m.context.DefaultBeanContext - Reading bootstrap environment configuration
00:54:47.197 [main] INFO  com.zaxxer.hikari.HikariDataSource - HikariPool-1 - Starting...
00:54:47.653 [main] INFO  com.zaxxer.hikari.HikariDataSource - HikariPool-1 - Start completed.
00:54:47.825 [main] INFO  i.m.l.AbstractLiquibaseMigration - Running migrations for database with qualifier [default]
00:54:53.461 [main] INFO  io.micronaut.runtime.Micronaut - Startup completed in 8831ms. Server Running: http://localhost:52066
00:54:54.389 [default-nioEventLoopGroup-1-2] INFO  i.m.d.registration.AutoRegistration - Registered service [vegetable-service] with Eureka
01:16:52.097 [main] INFO  i.m.context.DefaultBeanContext - Reading bootstrap environment configuration
01:16:52.679 [main] INFO  com.zaxxer.hikari.HikariDataSource - HikariPool-1 - Starting...
01:16:53.087 [main] INFO  com.zaxxer.hikari.HikariDataSource - HikariPool-1 - Start completed.
01:16:53.229 [main] INFO  i.m.l.AbstractLiquibaseMigration - Running migrations for database with qualifier [default]
01:16:58.998 [main] INFO  io.micronaut.runtime.Micronaut - Startup completed in 10230ms. Server Running: http://localhost:53143
01:16:59.862 [default-nioEventLoopGroup-1-2] INFO  i.m.d.registration.AutoRegistration - Registered service [vegetable-service] with Eureka
07:20:55.099 [HikariPool-1 housekeeper] WARN  com.zaxxer.hikari.pool.HikariPool - HikariPool-1 - Thread starvation or clock leap detected (housekeeper delta=2h46m20s260ms136µs).
07:21:41.917 [HikariPool-1 housekeeper] WARN  com.zaxxer.hikari.pool.HikariPool - HikariPool-1 - Thread starvation or clock leap detected (housekeeper delta=3h58s255ms891µs200ns).
07:22:08.745 [parallel-1] ERROR i.m.d.registration.AutoRegistration - Error reporting passing state to Eureka: Read Timeout
io.micronaut.http.client.exceptions.ReadTimeoutException: Read Timeout
	at io.micronaut.http.client.exceptions.ReadTimeoutException.<clinit>(ReadTimeoutException.java:26)
	at io.micronaut.http.client.netty.DefaultHttpClient.lambda$exchangeImpl$45(DefaultHttpClient.java:1380)
	at reactor.core.publisher.FluxOnErrorResume$ResumeSubscriber.onError(FluxOnErrorResume.java:94)
	at io.micronaut.reactive.reactor.instrument.ReactorSubscriber.onError(ReactorSubscriber.java:64)
	at reactor.core.publisher.SerializedSubscriber.onError(SerializedSubscriber.java:124)
	at reactor.core.publisher.FluxTimeout$TimeoutMainSubscriber.handleTimeout(FluxTimeout.java:295)
	at reactor.core.publisher.FluxTimeout$TimeoutMainSubscriber.doTimeout(FluxTimeout.java:280)
	at reactor.core.publisher.FluxTimeout$TimeoutTimeoutSubscriber.onNext(FluxTimeout.java:419)
	at io.micronaut.reactive.reactor.instrument.ReactorSubscriber.onNext(ReactorSubscriber.java:57)
	at reactor.core.publisher.FluxOnErrorResume$ResumeSubscriber.onNext(FluxOnErrorResume.java:79)
	at io.micronaut.reactive.reactor.instrument.ReactorSubscriber.onNext(ReactorSubscriber.java:57)
	at reactor.core.publisher.MonoDelay$MonoDelayRunnable.propagateDelay(MonoDelay.java:271)
	at reactor.core.publisher.MonoDelay$MonoDelayRunnable.run(MonoDelay.java:286)
	at io.micronaut.reactive.reactor.instrument.ReactorInstrumentation.lambda$init$0(ReactorInstrumentation.java:62)
	at reactor.core.scheduler.SchedulerTask.call(SchedulerTask.java:68)
	at reactor.core.scheduler.SchedulerTask.call(SchedulerTask.java:28)
	at java.base/java.util.concurrent.FutureTask.run(FutureTask.java:264)
	at java.base/java.util.concurrent.ScheduledThreadPoolExecutor$ScheduledFutureTask.run(ScheduledThreadPoolExecutor.java:304)
	at java.base/java.util.concurrent.ThreadPoolExecutor.runWorker(ThreadPoolExecutor.java:1128)
	at java.base/java.util.concurrent.ThreadPoolExecutor$Worker.run(ThreadPoolExecutor.java:628)
	at java.base/java.lang.Thread.run(Thread.java:834)
14:44:38.866 [HikariPool-1 housekeeper] WARN  com.zaxxer.hikari.pool.HikariPool - HikariPool-1 - Thread starvation or clock leap detected (housekeeper delta=7h21m57s592ms982µs400ns).
17:46:11.778 [main] INFO  i.m.context.DefaultBeanContext - Reading bootstrap environment configuration
17:46:12.423 [main] INFO  com.zaxxer.hikari.HikariDataSource - HikariPool-1 - Starting...
17:46:12.862 [main] INFO  com.zaxxer.hikari.HikariDataSource - HikariPool-1 - Start completed.
17:46:13.099 [main] INFO  i.m.l.AbstractLiquibaseMigration - Running migrations for database with qualifier [default]
17:46:19.359 [main] INFO  io.micronaut.runtime.Micronaut - Startup completed in 9490ms. Server Running: http://localhost:51542
17:46:20.238 [default-nioEventLoopGroup-1-2] INFO  i.m.d.registration.AutoRegistration - Registered service [vegetable-service] with Eureka
17:59:32.678 [main] INFO  i.m.context.DefaultBeanContext - Reading bootstrap environment configuration
17:59:33.424 [main] INFO  com.zaxxer.hikari.HikariDataSource - HikariPool-1 - Starting...
17:59:33.960 [main] INFO  com.zaxxer.hikari.HikariDataSource - HikariPool-1 - Start completed.
17:59:34.202 [main] INFO  i.m.l.AbstractLiquibaseMigration - Running migrations for database with qualifier [default]
17:59:41.636 [main] INFO  io.micronaut.runtime.Micronaut - Startup completed in 11624ms. Server Running: http://localhost:51036
17:59:50.593 [default-nioEventLoopGroup-1-3] INFO  i.m.d.registration.AutoRegistration - Registered service [vegetable-service] with Eureka
18:06:12.158 [main] INFO  i.m.context.DefaultBeanContext - Reading bootstrap environment configuration
18:06:12.744 [main] INFO  com.zaxxer.hikari.HikariDataSource - HikariPool-1 - Starting...
18:06:13.212 [main] INFO  com.zaxxer.hikari.HikariDataSource - HikariPool-1 - Start completed.
18:06:13.328 [main] INFO  i.m.l.AbstractLiquibaseMigration - Running migrations for database with qualifier [default]
18:06:17.104 [main] INFO  io.micronaut.runtime.Micronaut - Startup completed in 6213ms. Server Running: http://localhost:51510
18:06:17.664 [default-nioEventLoopGroup-1-2] INFO  i.m.d.registration.AutoRegistration - Registered service [vegetable-service] with Eureka
12:21:37.736 [main] INFO  i.m.context.DefaultBeanContext - Reading bootstrap environment configuration
12:21:38.439 [main] INFO  com.zaxxer.hikari.HikariDataSource - HikariPool-1 - Starting...
12:21:38.856 [main] INFO  com.zaxxer.hikari.HikariDataSource - HikariPool-1 - Start completed.
12:21:39.007 [main] INFO  i.m.l.AbstractLiquibaseMigration - Running migrations for database with qualifier [default]
12:21:46.472 [main] INFO  io.micronaut.runtime.Micronaut - Startup completed in 10445ms. Server Running: http://localhost:54538
12:21:48.441 [default-nioEventLoopGroup-1-2] INFO  i.m.d.registration.AutoRegistration - Registered service [vegetable-service] with Eureka
12:22:56.301 [default-nioEventLoopGroup-1-14] INFO  i.h.controllers.VegetableController - Saving  Vegetable : Vegetable(id=null, name=Onion, quantity=100, dateCreated=null, dateUpdated=null)
12:22:56.363 [default-nioEventLoopGroup-1-14] INFO  i.h.services.VegetableService - Saving  Vegetable : Vegetable(id=null, name=Onion, quantity=100, dateCreated=null, dateUpdated=null)
12:22:56.690 [default-nioEventLoopGroup-1-14] DEBUG io.micronaut.data.query - Executing SQL query: INSERT INTO `vegetables` (`name`,`quantity`,`dateCreated`,`dateUpdated`) VALUES (?,?,?,?)
12:22:56.703 [default-nioEventLoopGroup-1-14] TRACE io.micronaut.data.query - Binding parameter at position 1 to value Onion with data type: STRING
12:22:56.705 [default-nioEventLoopGroup-1-14] TRACE io.micronaut.data.query - Binding parameter at position 2 to value 100 with data type: INTEGER
12:22:56.705 [default-nioEventLoopGroup-1-14] TRACE io.micronaut.data.query - Binding parameter at position 3 to value Sat Feb 18 12:22:56 AST 2023 with data type: DATE
12:22:56.725 [default-nioEventLoopGroup-1-14] TRACE io.micronaut.data.query - Binding parameter at position 4 to value Sat Feb 18 12:22:56 AST 2023 with data type: DATE
12:23:03.141 [default-nioEventLoopGroup-1-14] INFO  i.h.controllers.VegetableController - find All
12:23:03.143 [default-nioEventLoopGroup-1-14] INFO  i.h.services.VegetableService - Find All
12:23:03.166 [default-nioEventLoopGroup-1-14] DEBUG io.micronaut.data.query - Executing Query: SELECT vegetable_.`id`,vegetable_.`name`,vegetable_.`quantity`,vegetable_.`dateCreated`,vegetable_.`dateUpdated` FROM `vegetables` vegetable_
12:23:19.214 [default-nioEventLoopGroup-1-14] ERROR i.m.http.server.RouteExecutor - Unexpected error occurred: An existing connection was forcibly closed by the remote host
java.io.IOException: An existing connection was forcibly closed by the remote host
	at java.base/sun.nio.ch.SocketDispatcher.read0(Native Method)
	at java.base/sun.nio.ch.SocketDispatcher.read(SocketDispatcher.java:43)
	at java.base/sun.nio.ch.IOUtil.readIntoNativeBuffer(IOUtil.java:276)
	at java.base/sun.nio.ch.IOUtil.read(IOUtil.java:233)
	at java.base/sun.nio.ch.IOUtil.read(IOUtil.java:223)
	at java.base/sun.nio.ch.SocketChannelImpl.read(SocketChannelImpl.java:358)
	at io.netty.buffer.PooledByteBuf.setBytes(PooledByteBuf.java:259)
	at io.netty.buffer.AbstractByteBuf.writeBytes(AbstractByteBuf.java:1132)
	at io.netty.channel.socket.nio.NioSocketChannel.doReadBytes(NioSocketChannel.java:357)
	at io.netty.channel.nio.AbstractNioByteChannel$NioByteUnsafe.read(AbstractNioByteChannel.java:151)
	at io.netty.channel.nio.NioEventLoop.processSelectedKey(NioEventLoop.java:788)
	at io.netty.channel.nio.NioEventLoop.processSelectedKeysOptimized(NioEventLoop.java:724)
	at io.netty.channel.nio.NioEventLoop.processSelectedKeys(NioEventLoop.java:650)
	at io.netty.channel.nio.NioEventLoop.run(NioEventLoop.java:562)
	at io.netty.util.concurrent.SingleThreadEventExecutor$4.run(SingleThreadEventExecutor.java:997)
	at io.netty.util.internal.ThreadExecutorMap$2.run(ThreadExecutorMap.java:74)
	at io.netty.util.concurrent.FastThreadLocalRunnable.run(FastThreadLocalRunnable.java:30)
	at java.base/java.lang.Thread.run(Thread.java:834)
12:23:19.592 [default-nioEventLoopGroup-1-14] ERROR i.m.h.s.netty.RoutingInBoundHandler - Error writing final response: java.lang.IllegalStateException: cannot send more responses than requests
io.netty.handler.codec.EncoderException: java.lang.IllegalStateException: cannot send more responses than requests
	at io.netty.handler.codec.MessageToMessageEncoder.write(MessageToMessageEncoder.java:107)
	at io.netty.handler.codec.MessageToMessageCodec.write(MessageToMessageCodec.java:116)
	at io.netty.channel.AbstractChannelHandlerContext.invokeWrite0(AbstractChannelHandlerContext.java:879)
	at io.netty.channel.AbstractChannelHandlerContext.invokeWrite(AbstractChannelHandlerContext.java:863)
	at io.netty.channel.AbstractChannelHandlerContext.write(AbstractChannelHandlerContext.java:968)
	at io.netty.channel.AbstractChannelHandlerContext.write(AbstractChannelHandlerContext.java:856)
	at io.netty.channel.ChannelDuplexHandler.write(ChannelDuplexHandler.java:115)
	at io.netty.handler.codec.http.websocketx.extensions.WebSocketServerExtensionHandler.write(WebSocketServerExtensionHandler.java:113)
	at io.netty.channel.AbstractChannelHandlerContext.invokeWrite0(AbstractChannelHandlerContext.java:879)
	at io.netty.channel.AbstractChannelHandlerContext.invokeWriteAndFlush(AbstractChannelHandlerContext.java:940)
	at io.netty.channel.AbstractChannelHandlerContext.write(AbstractChannelHandlerContext.java:966)
	at io.netty.channel.AbstractChannelHandlerContext.writeAndFlush(AbstractChannelHandlerContext.java:934)
	at io.micronaut.http.netty.stream.HttpStreamsHandler.unbufferedWrite(HttpStreamsHandler.java:386)
	at io.micronaut.http.netty.stream.HttpStreamsServerHandler.unbufferedWrite(HttpStreamsServerHandler.java:189)
	at io.micronaut.http.netty.stream.HttpStreamsServerHandler.unbufferedWrite(HttpStreamsServerHandler.java:58)
	at io.micronaut.http.netty.stream.HttpStreamsHandler.proceedWriteOutgoing(HttpStreamsHandler.java:373)
	at io.micronaut.http.netty.stream.HttpStreamsHandler.write(HttpStreamsHandler.java:353)
	at io.micronaut.http.netty.stream.HttpStreamsServerHandler.write(HttpStreamsServerHandler.java:58)
	at io.netty.channel.AbstractChannelHandlerContext.invokeWrite0(AbstractChannelHandlerContext.java:879)
	at io.netty.channel.AbstractChannelHandlerContext.invokeWrite(AbstractChannelHandlerContext.java:863)
	at io.netty.channel.AbstractChannelHandlerContext.write(AbstractChannelHandlerContext.java:968)
	at io.netty.channel.AbstractChannelHandlerContext.write(AbstractChannelHandlerContext.java:856)
	at io.netty.handler.stream.ChunkedWriteHandler.doFlush(ChunkedWriteHandler.java:302)
	at io.netty.handler.stream.ChunkedWriteHandler.flush(ChunkedWriteHandler.java:131)
	at io.netty.channel.AbstractChannelHandlerContext.invokeFlush0(AbstractChannelHandlerContext.java:923)
	at io.netty.channel.AbstractChannelHandlerContext.invokeFlush(AbstractChannelHandlerContext.java:907)
	at io.netty.channel.AbstractChannelHandlerContext.flush(AbstractChannelHandlerContext.java:893)
	at io.netty.channel.ChannelOutboundHandlerAdapter.flush(ChannelOutboundHandlerAdapter.java:125)
	at io.netty.channel.AbstractChannelHandlerContext.invokeFlush0(AbstractChannelHandlerContext.java:925)
	at io.netty.channel.AbstractChannelHandlerContext.invokeWriteAndFlush(AbstractChannelHandlerContext.java:941)
	at io.netty.channel.AbstractChannelHandlerContext.write(AbstractChannelHandlerContext.java:966)
	at io.netty.channel.AbstractChannelHandlerContext.writeAndFlush(AbstractChannelHandlerContext.java:934)
	at io.netty.channel.AbstractChannelHandlerContext.writeAndFlush(AbstractChannelHandlerContext.java:984)
	at io.micronaut.http.server.netty.RoutingInBoundHandler.syncWriteAndFlushNettyResponse(RoutingInBoundHandler.java:1320)
	at io.micronaut.http.server.netty.RoutingInBoundHandler.writeFinalNettyResponse(RoutingInBoundHandler.java:1309)
	at io.micronaut.http.server.netty.RoutingInBoundHandler.encodeHttpResponse(RoutingInBoundHandler.java:1040)
	at io.micronaut.http.server.netty.RoutingInBoundHandler.access$000(RoutingInBoundHandler.java:150)
	at io.micronaut.http.server.netty.RoutingInBoundHandler$1.onNext(RoutingInBoundHandler.java:514)
	at io.micronaut.http.server.netty.RoutingInBoundHandler$1.onNext(RoutingInBoundHandler.java:502)
	at reactor.core.publisher.StrictSubscriber.onNext(StrictSubscriber.java:89)
	at io.micronaut.reactive.reactor.instrument.ReactorSubscriber.onNext(ReactorSubscriber.java:57)
	at reactor.core.publisher.FluxContextWrite$ContextWriteSubscriber.onNext(FluxContextWrite.java:107)
	at io.micronaut.reactive.reactor.instrument.ReactorSubscriber.onNext(ReactorSubscriber.java:57)
	at reactor.core.publisher.FluxOnErrorResume$ResumeSubscriber.onNext(FluxOnErrorResume.java:79)
	at io.micronaut.reactive.reactor.instrument.ReactorSubscriber.onNext(ReactorSubscriber.java:57)
	at reactor.core.publisher.FluxFlatMap$FlatMapMain.drainLoop(FluxFlatMap.java:712)
	at reactor.core.publisher.FluxFlatMap$FlatMapMain.drain(FluxFlatMap.java:588)
	at reactor.core.publisher.FluxFlatMap$FlatMapInner.onSubscribe(FluxFlatMap.java:955)
	at io.micronaut.reactive.reactor.instrument.ReactorSubscriber.onSubscribe(ReactorSubscriber.java:50)
	at reactor.core.publisher.FluxJust.subscribe(FluxJust.java:68)
	at reactor.core.publisher.Flux.subscribe(Flux.java:8660)
	at reactor.core.publisher.FluxFlatMap$FlatMapMain.onNext(FluxFlatMap.java:426)
	at io.micronaut.configuration.metrics.binder.web.WebMetricsPublisher$1.onNext(WebMetricsPublisher.java:165)
	at io.micronaut.configuration.metrics.binder.web.WebMetricsPublisher$1.onNext(WebMetricsPublisher.java:150)
	at io.micronaut.reactive.reactor.instrument.ReactorSubscriber.onNext(ReactorSubscriber.java:57)
	at reactor.core.publisher.FluxOnErrorResume$ResumeSubscriber.onNext(FluxOnErrorResume.java:79)
	at io.micronaut.reactive.reactor.instrument.ReactorSubscriber.onNext(ReactorSubscriber.java:57)
	at reactor.core.publisher.FluxFlatMap$FlatMapMain.drainLoop(FluxFlatMap.java:712)
	at reactor.core.publisher.FluxFlatMap$FlatMapMain.drain(FluxFlatMap.java:588)
	at reactor.core.publisher.FluxFlatMap$FlatMapInner.onSubscribe(FluxFlatMap.java:955)
	at io.micronaut.reactive.reactor.instrument.ReactorSubscriber.onSubscribe(ReactorSubscriber.java:50)
	at reactor.core.publisher.FluxJust.subscribe(FluxJust.java:68)
	at reactor.core.publisher.Flux.subscribe(Flux.java:8660)
	at reactor.core.publisher.FluxFlatMap$FlatMapMain.onNext(FluxFlatMap.java:426)
	at io.micronaut.reactive.reactor.instrument.ReactorSubscriber.onNext(ReactorSubscriber.java:57)
	at reactor.core.publisher.FluxOnErrorResume$ResumeSubscriber.onNext(FluxOnErrorResume.java:79)
	at io.micronaut.reactive.reactor.instrument.ReactorSubscriber.onNext(ReactorSubscriber.java:57)
	at reactor.core.publisher.FluxFlatMap$FlatMapMain.drainLoop(FluxFlatMap.java:712)
	at reactor.core.publisher.FluxFlatMap$FlatMapMain.drain(FluxFlatMap.java:588)
	at reactor.core.publisher.FluxFlatMap$FlatMapInner.onSubscribe(FluxFlatMap.java:955)
	at io.micronaut.reactive.reactor.instrument.ReactorSubscriber.onSubscribe(ReactorSubscriber.java:50)
	at reactor.core.publisher.FluxJust.subscribe(FluxJust.java:68)
	at reactor.core.publisher.Flux.subscribe(Flux.java:8660)
	at reactor.core.publisher.FluxFlatMap$FlatMapMain.onNext(FluxFlatMap.java:426)
	at io.micronaut.reactive.reactor.instrument.ReactorSubscriber.onNext(ReactorSubscriber.java:57)
	at reactor.core.publisher.FluxOnErrorResume$ResumeSubscriber.onNext(FluxOnErrorResume.java:79)
	at io.micronaut.reactive.reactor.instrument.ReactorSubscriber.onNext(ReactorSubscriber.java:57)
	at reactor.core.publisher.FluxFlatMap$FlatMapMain.drainLoop(FluxFlatMap.java:712)
	at reactor.core.publisher.FluxFlatMap$FlatMapMain.drain(FluxFlatMap.java:588)
	at reactor.core.publisher.FluxFlatMap$FlatMapInner.onSubscribe(FluxFlatMap.java:955)
	at io.micronaut.reactive.reactor.instrument.ReactorSubscriber.onSubscribe(ReactorSubscriber.java:50)
	at reactor.core.publisher.FluxJust.subscribe(FluxJust.java:68)
	at reactor.core.publisher.Flux.subscribe(Flux.java:8660)
	at reactor.core.publisher.FluxFlatMap$FlatMapMain.onNext(FluxFlatMap.java:426)
	at io.micronaut.reactive.reactor.instrument.ReactorSubscriber.onNext(ReactorSubscriber.java:57)
	at reactor.core.publisher.FluxOnErrorResume$ResumeSubscriber.onNext(FluxOnErrorResume.java:79)
	at io.micronaut.reactive.reactor.instrument.ReactorSubscriber.onNext(ReactorSubscriber.java:57)
	at reactor.core.publisher.FluxFlatMap$FlatMapMain.drainLoop(FluxFlatMap.java:712)
	at reactor.core.publisher.FluxFlatMap$FlatMapMain.drain(FluxFlatMap.java:588)
	at reactor.core.publisher.FluxFlatMap$FlatMapInner.onSubscribe(FluxFlatMap.java:955)
	at io.micronaut.reactive.reactor.instrument.ReactorSubscriber.onSubscribe(ReactorSubscriber.java:50)
	at reactor.core.publisher.FluxJust.subscribe(FluxJust.java:68)
	at reactor.core.publisher.Flux.subscribe(Flux.java:8660)
	at reactor.core.publisher.FluxFlatMap$FlatMapMain.onNext(FluxFlatMap.java:426)
	at io.micronaut.reactive.reactor.instrument.ReactorSubscriber.onNext(ReactorSubscriber.java:57)
	at reactor.core.publisher.FluxSwitchMapNoPrefetch$SwitchMapInner.onNext(FluxSwitchMapNoPrefetch.java:407)
	at io.micronaut.reactive.reactor.instrument.ReactorSubscriber.onNext(ReactorSubscriber.java:57)
	at reactor.core.publisher.Operators$ScalarSubscription.request(Operators.java:2508)
	at reactor.core.publisher.FluxSwitchMapNoPrefetch$SwitchMapInner.onSubscribe(FluxSwitchMapNoPrefetch.java:377)
	at io.micronaut.reactive.reactor.instrument.ReactorSubscriber.onSubscribe(ReactorSubscriber.java:50)
	at reactor.core.publisher.FluxJust.subscribe(FluxJust.java:68)
	at reactor.core.publisher.Flux.subscribe(Flux.java:8660)
	at reactor.core.publisher.FluxSwitchMapNoPrefetch$SwitchMapMain.subscribeInner(FluxSwitchMapNoPrefetch.java:218)
	at reactor.core.publisher.FluxSwitchMapNoPrefetch$SwitchMapMain.onNext(FluxSwitchMapNoPrefetch.java:164)
	at io.micronaut.reactive.reactor.instrument.ReactorSubscriber.onNext(ReactorSubscriber.java:57)
	at reactor.core.publisher.MonoCallable$MonoCallableSubscription.request(MonoCallable.java:156)
	at reactor.core.publisher.FluxSwitchMapNoPrefetch$SwitchMapMain.onSubscribe(FluxSwitchMapNoPrefetch.java:147)
	at io.micronaut.reactive.reactor.instrument.ReactorSubscriber.onSubscribe(ReactorSubscriber.java:50)
	at reactor.core.publisher.MonoCallable.subscribe(MonoCallable.java:48)
	at reactor.core.publisher.InternalFluxOperator.subscribe(InternalFluxOperator.java:62)
	at io.micronaut.configuration.metrics.binder.web.WebMetricsPublisher.subscribe(WebMetricsPublisher.java:150)
	at reactor.core.publisher.Flux.subscribe(Flux.java:8660)
	at io.micronaut.http.server.netty.RoutingInBoundHandler.filterAndEncodeResponse(RoutingInBoundHandler.java:502)
	at io.micronaut.http.server.netty.RoutingInBoundHandler.exceptionCaught(RoutingInBoundHandler.java:282)
	at io.netty.channel.AbstractChannelHandlerContext.invokeExceptionCaught(AbstractChannelHandlerContext.java:346)
	at io.netty.channel.AbstractChannelHandlerContext.invokeExceptionCaught(AbstractChannelHandlerContext.java:325)
	at io.netty.channel.AbstractChannelHandlerContext.fireExceptionCaught(AbstractChannelHandlerContext.java:317)
	at io.netty.channel.CombinedChannelDuplexHandler$DelegatingChannelHandlerContext.fireExceptionCaught(CombinedChannelDuplexHandler.java:424)
	at io.netty.channel.ChannelHandlerAdapter.exceptionCaught(ChannelHandlerAdapter.java:92)
	at io.netty.channel.CombinedChannelDuplexHandler$1.fireExceptionCaught(CombinedChannelDuplexHandler.java:145)
	at io.netty.channel.ChannelInboundHandlerAdapter.exceptionCaught(ChannelInboundHandlerAdapter.java:143)
	at io.netty.channel.CombinedChannelDuplexHandler.exceptionCaught(CombinedChannelDuplexHandler.java:231)
	at io.netty.channel.AbstractChannelHandlerContext.invokeExceptionCaught(AbstractChannelHandlerContext.java:346)
	at io.netty.channel.AbstractChannelHandlerContext.invokeExceptionCaught(AbstractChannelHandlerContext.java:325)
	at io.netty.channel.AbstractChannelHandlerContext.fireExceptionCaught(AbstractChannelHandlerContext.java:317)
	at io.netty.channel.DefaultChannelPipeline$HeadContext.exceptionCaught(DefaultChannelPipeline.java:1377)
	at io.netty.channel.AbstractChannelHandlerContext.invokeExceptionCaught(AbstractChannelHandlerContext.java:346)
	at io.netty.channel.AbstractChannelHandlerContext.invokeExceptionCaught(AbstractChannelHandlerContext.java:325)
	at io.netty.channel.DefaultChannelPipeline.fireExceptionCaught(DefaultChannelPipeline.java:907)
	at io.netty.channel.nio.AbstractNioByteChannel$NioByteUnsafe.handleReadException(AbstractNioByteChannel.java:125)
	at io.netty.channel.nio.AbstractNioByteChannel$NioByteUnsafe.read(AbstractNioByteChannel.java:177)
	at io.netty.channel.nio.NioEventLoop.processSelectedKey(NioEventLoop.java:788)
	at io.netty.channel.nio.NioEventLoop.processSelectedKeysOptimized(NioEventLoop.java:724)
	at io.netty.channel.nio.NioEventLoop.processSelectedKeys(NioEventLoop.java:650)
	at io.netty.channel.nio.NioEventLoop.run(NioEventLoop.java:562)
	at io.netty.util.concurrent.SingleThreadEventExecutor$4.run(SingleThreadEventExecutor.java:997)
	at io.netty.util.internal.ThreadExecutorMap$2.run(ThreadExecutorMap.java:74)
	at io.netty.util.concurrent.FastThreadLocalRunnable.run(FastThreadLocalRunnable.java:30)
	at java.base/java.lang.Thread.run(Thread.java:834)
Caused by: java.lang.IllegalStateException: cannot send more responses than requests
	at io.netty.handler.codec.http.HttpContentEncoder.encode(HttpContentEncoder.java:125)
	at io.micronaut.http.server.netty.SmartHttpContentCompressor.encode(SmartHttpContentCompressor.java:65)
	at io.micronaut.http.server.netty.SmartHttpContentCompressor.encode(SmartHttpContentCompressor.java:33)
	at io.netty.handler.codec.MessageToMessageCodec$1.encode(MessageToMessageCodec.java:67)
	at io.netty.handler.codec.MessageToMessageEncoder.write(MessageToMessageEncoder.java:90)
	... 138 common frames omitted
