00:46:34.446 [main] INFO  i.m.context.DefaultBeanContext - Reading bootstrap environment configuration
00:46:34.965 [main] INFO  com.zaxxer.hikari.HikariDataSource - HikariPool-1 - Starting...
00:46:35.405 [main] INFO  com.zaxxer.hikari.HikariDataSource - HikariPool-1 - Start completed.
00:46:35.563 [main] INFO  i.m.l.AbstractLiquibaseMigration - Running migrations for database with qualifier [default]
00:46:40.432 [main] INFO  io.micronaut.runtime.Micronaut - Startup completed in 8126ms. Server Running: http://localhost:51490
00:46:41.296 [default-nioEventLoopGroup-1-2] INFO  i.m.d.registration.AutoRegistration - Registered service [fruit-service] with Eureka
00:48:55.141 [main] INFO  i.m.context.DefaultBeanContext - Reading bootstrap environment configuration
00:48:56.036 [main] INFO  com.zaxxer.hikari.HikariDataSource - HikariPool-1 - Starting...
00:48:56.695 [main] INFO  com.zaxxer.hikari.HikariDataSource - HikariPool-1 - Start completed.
00:48:56.899 [main] INFO  i.m.l.AbstractLiquibaseMigration - Running migrations for database with qualifier [default]
00:49:05.989 [main] INFO  io.micronaut.runtime.Micronaut - Startup completed in 13813ms. Server Running: http://localhost:51631
00:49:11.608 [main] INFO  i.m.context.DefaultBeanContext - Reading bootstrap environment configuration
00:49:12.174 [main] INFO  com.zaxxer.hikari.HikariDataSource - HikariPool-1 - Starting...
00:49:12.582 [main] INFO  com.zaxxer.hikari.HikariDataSource - HikariPool-1 - Start completed.
00:49:12.770 [main] INFO  i.m.l.AbstractLiquibaseMigration - Running migrations for database with qualifier [default]
00:49:15.234 [default-nioEventLoopGroup-1-3] INFO  i.m.d.registration.AutoRegistration - Registered service [fruit-service] with Eureka
00:49:18.659 [main] INFO  io.micronaut.runtime.Micronaut - Startup completed in 9063ms. Server Running: http://localhost:51708
00:49:19.632 [default-nioEventLoopGroup-1-2] INFO  i.m.d.registration.AutoRegistration - Registered service [fruit-service] with Eureka
00:54:44.152 [main] INFO  i.m.context.DefaultBeanContext - Reading bootstrap environment configuration
00:54:44.795 [main] INFO  com.zaxxer.hikari.HikariDataSource - HikariPool-1 - Starting...
00:54:45.548 [main] INFO  com.zaxxer.hikari.HikariDataSource - HikariPool-1 - Start completed.
00:54:45.705 [main] INFO  i.m.l.AbstractLiquibaseMigration - Running migrations for database with qualifier [default]
00:54:52.016 [main] INFO  io.micronaut.runtime.Micronaut - Startup completed in 15135ms. Server Running: http://localhost:52000
00:54:53.133 [default-nioEventLoopGroup-1-2] INFO  i.m.d.registration.AutoRegistration - Registered service [fruit-service] with Eureka
00:55:09.828 [default-nioEventLoopGroup-1-4] ERROR i.m.d.registration.AutoRegistration - Error reporting state to Eureka: Client 'eureka': Connect Error: Connection refused: no further information: localhost/127.0.0.1:8761
io.micronaut.http.client.exceptions.HttpClientException: Client 'eureka': Connect Error: Connection refused: no further information: localhost/127.0.0.1:8761
	at io.micronaut.http.client.netty.DefaultHttpClient.lambda$exchangeImpl$43(DefaultHttpClient.java:1340)
	at io.micronaut.http.client.netty.DefaultHttpClient.lambda$addInstrumentedListener$65(DefaultHttpClient.java:2686)
	at io.netty.util.concurrent.DefaultPromise.notifyListener0(DefaultPromise.java:578)
	at io.netty.util.concurrent.DefaultPromise.notifyListeners0(DefaultPromise.java:571)
	at io.netty.util.concurrent.DefaultPromise.notifyListenersNow(DefaultPromise.java:550)
	at io.netty.util.concurrent.DefaultPromise.notifyListeners(DefaultPromise.java:491)
	at io.netty.util.concurrent.DefaultPromise.setValue0(DefaultPromise.java:616)
	at io.netty.util.concurrent.DefaultPromise.setFailure0(DefaultPromise.java:609)
	at io.netty.util.concurrent.DefaultPromise.tryFailure(DefaultPromise.java:117)
	at io.netty.channel.nio.AbstractNioChannel$AbstractNioUnsafe.fulfillConnectPromise(AbstractNioChannel.java:321)
	at io.netty.channel.nio.AbstractNioChannel$AbstractNioUnsafe.finishConnect(AbstractNioChannel.java:337)
	at io.netty.channel.nio.NioEventLoop.processSelectedKey(NioEventLoop.java:776)
	at io.netty.channel.nio.NioEventLoop.processSelectedKeysOptimized(NioEventLoop.java:724)
	at io.netty.channel.nio.NioEventLoop.processSelectedKeys(NioEventLoop.java:650)
	at io.netty.channel.nio.NioEventLoop.run(NioEventLoop.java:562)
	at io.netty.util.concurrent.SingleThreadEventExecutor$4.run(SingleThreadEventExecutor.java:997)
	at io.netty.util.internal.ThreadExecutorMap$2.run(ThreadExecutorMap.java:74)
	at io.netty.util.concurrent.FastThreadLocalRunnable.run(FastThreadLocalRunnable.java:30)
	at java.base/java.lang.Thread.run(Thread.java:834)
Caused by: io.netty.channel.AbstractChannel$AnnotatedConnectException: Connection refused: no further information: localhost/127.0.0.1:8761
Caused by: java.net.ConnectException: Connection refused: no further information
	at java.base/sun.nio.ch.SocketChannelImpl.checkConnect(Native Method)
	at java.base/sun.nio.ch.SocketChannelImpl.finishConnect(SocketChannelImpl.java:779)
	at io.netty.channel.socket.nio.NioSocketChannel.doFinishConnect(NioSocketChannel.java:337)
	at io.netty.channel.nio.AbstractNioChannel$AbstractNioUnsafe.finishConnect(AbstractNioChannel.java:334)
	at io.netty.channel.nio.NioEventLoop.processSelectedKey(NioEventLoop.java:776)
	at io.netty.channel.nio.NioEventLoop.processSelectedKeysOptimized(NioEventLoop.java:724)
	at io.netty.channel.nio.NioEventLoop.processSelectedKeys(NioEventLoop.java:650)
	at io.netty.channel.nio.NioEventLoop.run(NioEventLoop.java:562)
	at io.netty.util.concurrent.SingleThreadEventExecutor$4.run(SingleThreadEventExecutor.java:997)
	at io.netty.util.internal.ThreadExecutorMap$2.run(ThreadExecutorMap.java:74)
	at io.netty.util.concurrent.FastThreadLocalRunnable.run(FastThreadLocalRunnable.java:30)
	at java.base/java.lang.Thread.run(Thread.java:834)
00:55:09.828 [default-nioEventLoopGroup-1-3] ERROR i.m.d.registration.AutoRegistration - Error reporting passing state to Eureka: Client 'eureka': Connect Error: Connection refused: no further information: localhost/127.0.0.1:8761
io.micronaut.http.client.exceptions.HttpClientException: Client 'eureka': Connect Error: Connection refused: no further information: localhost/127.0.0.1:8761
	at io.micronaut.http.client.netty.DefaultHttpClient.lambda$exchangeImpl$43(DefaultHttpClient.java:1340)
	at io.micronaut.http.client.netty.DefaultHttpClient.lambda$addInstrumentedListener$65(DefaultHttpClient.java:2686)
	at io.netty.util.concurrent.DefaultPromise.notifyListener0(DefaultPromise.java:578)
	at io.netty.util.concurrent.DefaultPromise.notifyListeners0(DefaultPromise.java:571)
	at io.netty.util.concurrent.DefaultPromise.notifyListenersNow(DefaultPromise.java:550)
	at io.netty.util.concurrent.DefaultPromise.notifyListeners(DefaultPromise.java:491)
	at io.netty.util.concurrent.DefaultPromise.setValue0(DefaultPromise.java:616)
	at io.netty.util.concurrent.DefaultPromise.setFailure0(DefaultPromise.java:609)
	at io.netty.util.concurrent.DefaultPromise.tryFailure(DefaultPromise.java:117)
	at io.netty.channel.nio.AbstractNioChannel$AbstractNioUnsafe.fulfillConnectPromise(AbstractNioChannel.java:321)
	at io.netty.channel.nio.AbstractNioChannel$AbstractNioUnsafe.finishConnect(AbstractNioChannel.java:337)
	at io.netty.channel.nio.NioEventLoop.processSelectedKey(NioEventLoop.java:776)
	at io.netty.channel.nio.NioEventLoop.processSelectedKeysOptimized(NioEventLoop.java:724)
	at io.netty.channel.nio.NioEventLoop.processSelectedKeys(NioEventLoop.java:650)
	at io.netty.channel.nio.NioEventLoop.run(NioEventLoop.java:562)
	at io.netty.util.concurrent.SingleThreadEventExecutor$4.run(SingleThreadEventExecutor.java:997)
	at io.netty.util.internal.ThreadExecutorMap$2.run(ThreadExecutorMap.java:74)
	at io.netty.util.concurrent.FastThreadLocalRunnable.run(FastThreadLocalRunnable.java:30)
	at java.base/java.lang.Thread.run(Thread.java:834)
Caused by: io.netty.channel.AbstractChannel$AnnotatedConnectException: Connection refused: no further information: localhost/127.0.0.1:8761
Caused by: java.net.ConnectException: Connection refused: no further information
	at java.base/sun.nio.ch.SocketChannelImpl.checkConnect(Native Method)
	at java.base/sun.nio.ch.SocketChannelImpl.finishConnect(SocketChannelImpl.java:779)
	at io.netty.channel.socket.nio.NioSocketChannel.doFinishConnect(NioSocketChannel.java:337)
	at io.netty.channel.nio.AbstractNioChannel$AbstractNioUnsafe.finishConnect(AbstractNioChannel.java:334)
	at io.netty.channel.nio.NioEventLoop.processSelectedKey(NioEventLoop.java:776)
	at io.netty.channel.nio.NioEventLoop.processSelectedKeysOptimized(NioEventLoop.java:724)
	at io.netty.channel.nio.NioEventLoop.processSelectedKeys(NioEventLoop.java:650)
	at io.netty.channel.nio.NioEventLoop.run(NioEventLoop.java:562)
	at io.netty.util.concurrent.SingleThreadEventExecutor$4.run(SingleThreadEventExecutor.java:997)
	at io.netty.util.internal.ThreadExecutorMap$2.run(ThreadExecutorMap.java:74)
	at io.netty.util.concurrent.FastThreadLocalRunnable.run(FastThreadLocalRunnable.java:30)
	at java.base/java.lang.Thread.run(Thread.java:834)
01:17:16.675 [main] INFO  i.m.context.DefaultBeanContext - Reading bootstrap environment configuration
01:17:17.288 [main] INFO  com.zaxxer.hikari.HikariDataSource - HikariPool-1 - Starting...
01:17:17.689 [main] INFO  com.zaxxer.hikari.HikariDataSource - HikariPool-1 - Start completed.
01:17:17.853 [main] INFO  i.m.l.AbstractLiquibaseMigration - Running migrations for database with qualifier [default]
01:17:23.499 [main] INFO  io.micronaut.runtime.Micronaut - Startup completed in 8753ms. Server Running: http://localhost:53214
01:17:24.380 [default-nioEventLoopGroup-1-2] INFO  i.m.d.registration.AutoRegistration - Registered service [fruit-service] with Eureka
04:20:40.559 [HikariPool-1 housekeeper] WARN  com.zaxxer.hikari.pool.HikariPool - HikariPool-1 - Thread starvation or clock leap detected (housekeeper delta=2h46m18s881ms377µs700ns).
07:21:13.791 [HikariPool-1 housekeeper] WARN  com.zaxxer.hikari.pool.HikariPool - HikariPool-1 - Thread starvation or clock leap detected (housekeeper delta=3h36s888ms526µs100ns).
14:44:38.252 [HikariPool-1 housekeeper] WARN  com.zaxxer.hikari.pool.HikariPool - HikariPool-1 - Thread starvation or clock leap detected (housekeeper delta=7h21m57s586ms538µs700ns).
17:46:11.778 [main] INFO  i.m.context.DefaultBeanContext - Reading bootstrap environment configuration
17:46:12.407 [main] INFO  com.zaxxer.hikari.HikariDataSource - HikariPool-1 - Starting...
17:46:12.862 [main] INFO  com.zaxxer.hikari.HikariDataSource - HikariPool-1 - Start completed.
17:46:13.097 [main] INFO  i.m.l.AbstractLiquibaseMigration - Running migrations for database with qualifier [default]
17:46:19.328 [main] INFO  io.micronaut.runtime.Micronaut - Startup completed in 9509ms. Server Running: http://localhost:51543
17:46:20.238 [default-nioEventLoopGroup-1-2] INFO  i.m.d.registration.AutoRegistration - Registered service [fruit-service] with Eureka
17:59:45.622 [main] INFO  i.m.context.DefaultBeanContext - Reading bootstrap environment configuration
17:59:46.071 [main] INFO  com.zaxxer.hikari.HikariDataSource - HikariPool-1 - Starting...
17:59:46.453 [main] INFO  com.zaxxer.hikari.HikariDataSource - HikariPool-1 - Start completed.
17:59:46.631 [main] INFO  i.m.l.AbstractLiquibaseMigration - Running migrations for database with qualifier [default]
17:59:50.852 [main] INFO  io.micronaut.runtime.Micronaut - Startup completed in 6260ms. Server Running: http://localhost:51111
17:59:51.440 [default-nioEventLoopGroup-1-2] INFO  i.m.d.registration.AutoRegistration - Registered service [fruit-service] with Eureka
18:00:31.880 [default-nioEventLoopGroup-1-7] INFO  i.h.controllers.FruitController - Saving  Fruit : Fruit(id=null, name=Apple, quantity=100, dateCreated=null, dateUpdated=null)
18:00:31.918 [default-nioEventLoopGroup-1-7] INFO  io.hashimati.services.FruitService - Saving  Fruit : Fruit(id=null, name=Apple, quantity=100, dateCreated=null, dateUpdated=null)
18:00:32.039 [default-nioEventLoopGroup-1-7] DEBUG io.micronaut.data.query - Executing SQL query: INSERT INTO `fruits` (`name`,`quantity`,`dateCreated`,`dateUpdated`) VALUES (?,?,?,?)
18:00:32.049 [default-nioEventLoopGroup-1-7] TRACE io.micronaut.data.query - Binding parameter at position 1 to value Apple with data type: STRING
18:00:32.050 [default-nioEventLoopGroup-1-7] TRACE io.micronaut.data.query - Binding parameter at position 2 to value 100 with data type: INTEGER
18:00:32.050 [default-nioEventLoopGroup-1-7] TRACE io.micronaut.data.query - Binding parameter at position 3 to value Fri Feb 17 18:00:32 AST 2023 with data type: DATE
18:00:32.067 [default-nioEventLoopGroup-1-7] TRACE io.micronaut.data.query - Binding parameter at position 4 to value Fri Feb 17 18:00:32 AST 2023 with data type: DATE
18:01:59.693 [default-nioEventLoopGroup-1-7] INFO  i.h.controllers.FruitController - find All
18:01:59.694 [default-nioEventLoopGroup-1-7] INFO  io.hashimati.services.FruitService - Find All
18:01:59.703 [default-nioEventLoopGroup-1-7] DEBUG io.micronaut.data.query - Executing Query: SELECT fruit_.`id`,fruit_.`name`,fruit_.`quantity`,fruit_.`dateCreated`,fruit_.`dateUpdated` FROM `fruits` fruit_
18:02:40.649 [default-nioEventLoopGroup-1-7] INFO  i.h.controllers.FruitController - Saving  Fruit : Fruit(id=null, name=Onion, quantity=100, dateCreated=null, dateUpdated=null)
18:02:40.650 [default-nioEventLoopGroup-1-7] INFO  io.hashimati.services.FruitService - Saving  Fruit : Fruit(id=null, name=Onion, quantity=100, dateCreated=null, dateUpdated=null)
18:02:40.651 [default-nioEventLoopGroup-1-7] DEBUG io.micronaut.data.query - Executing SQL query: INSERT INTO `fruits` (`name`,`quantity`,`dateCreated`,`dateUpdated`) VALUES (?,?,?,?)
18:02:40.651 [default-nioEventLoopGroup-1-7] TRACE io.micronaut.data.query - Binding parameter at position 1 to value Onion with data type: STRING
18:02:40.651 [default-nioEventLoopGroup-1-7] TRACE io.micronaut.data.query - Binding parameter at position 2 to value 100 with data type: INTEGER
18:02:40.651 [default-nioEventLoopGroup-1-7] TRACE io.micronaut.data.query - Binding parameter at position 3 to value Fri Feb 17 18:02:40 AST 2023 with data type: DATE
18:02:40.652 [default-nioEventLoopGroup-1-7] TRACE io.micronaut.data.query - Binding parameter at position 4 to value Fri Feb 17 18:02:40 AST 2023 with data type: DATE
18:02:44.343 [default-nioEventLoopGroup-1-7] INFO  i.h.controllers.FruitController - Saving  Fruit : Fruit(id=null, name=Onion, quantity=100, dateCreated=null, dateUpdated=null)
18:02:44.344 [default-nioEventLoopGroup-1-7] INFO  io.hashimati.services.FruitService - Saving  Fruit : Fruit(id=null, name=Onion, quantity=100, dateCreated=null, dateUpdated=null)
18:02:44.344 [default-nioEventLoopGroup-1-7] DEBUG io.micronaut.data.query - Executing SQL query: INSERT INTO `fruits` (`name`,`quantity`,`dateCreated`,`dateUpdated`) VALUES (?,?,?,?)
18:02:44.345 [default-nioEventLoopGroup-1-7] TRACE io.micronaut.data.query - Binding parameter at position 1 to value Onion with data type: STRING
18:02:44.345 [default-nioEventLoopGroup-1-7] TRACE io.micronaut.data.query - Binding parameter at position 2 to value 100 with data type: INTEGER
18:02:44.345 [default-nioEventLoopGroup-1-7] TRACE io.micronaut.data.query - Binding parameter at position 3 to value Fri Feb 17 18:02:44 AST 2023 with data type: DATE
18:02:44.345 [default-nioEventLoopGroup-1-7] TRACE io.micronaut.data.query - Binding parameter at position 4 to value Fri Feb 17 18:02:44 AST 2023 with data type: DATE
18:02:49.779 [default-nioEventLoopGroup-1-7] INFO  i.h.controllers.FruitController - find All
18:02:49.780 [default-nioEventLoopGroup-1-7] INFO  io.hashimati.services.FruitService - Find All
18:02:49.780 [default-nioEventLoopGroup-1-7] DEBUG io.micronaut.data.query - Executing Query: SELECT fruit_.`id`,fruit_.`name`,fruit_.`quantity`,fruit_.`dateCreated`,fruit_.`dateUpdated` FROM `fruits` fruit_
18:03:09.571 [default-nioEventLoopGroup-1-7] ERROR i.m.http.server.RouteExecutor - Unexpected error occurred: An existing connection was forcibly closed by the remote host
java.io.IOException: An existing connection was forcibly closed by the remote host
	at java.base/sun.nio.ch.SocketDispatcher.read0(Native Method)
	at java.base/sun.nio.ch.SocketDispatcher.read(SocketDispatcher.java:43)
	at java.base/sun.nio.ch.IOUtil.readIntoNativeBuffer(IOUtil.java:276)
	at java.base/sun.nio.ch.IOUtil.read(IOUtil.java:233)
	at java.base/sun.nio.ch.IOUtil.read(IOUtil.java:223)
	at java.base/sun.nio.ch.SocketChannelImpl.read(SocketChannelImpl.java:358)
	at io.netty.buffer.PooledByteBuf.setBytes(PooledByteBuf.java:258)
	at io.netty.buffer.AbstractByteBuf.writeBytes(AbstractByteBuf.java:1132)
	at io.netty.channel.socket.nio.NioSocketChannel.doReadBytes(NioSocketChannel.java:357)
	at io.netty.channel.nio.AbstractNioByteChannel$NioByteUnsafe.read(AbstractNioByteChannel.java:151)
	at io.netty.channel.nio.NioEventLoop.processSelectedKey(NioEventLoop.java:788)
	at io.netty.channel.nio.NioEventLoop.processSelectedKeysOptimized(NioEventLoop.java:724)
	at io.netty.channel.nio.NioEventLoop.processSelectedKeys(NioEventLoop.java:650)
	at io.netty.channel.nio.NioEventLoop.run(NioEventLoop.java:562)
	at io.netty.util.concurrent.SingleThreadEventExecutor$4.run(SingleThreadEventExecutor.java:997)
	at io.netty.util.internal.ThreadExecutorMap$2.run(ThreadExecutorMap.java:74)
	at io.netty.util.concurrent.FastThreadLocalRunnable.run(FastThreadLocalRunnable.java:30)
	at java.base/java.lang.Thread.run(Thread.java:834)
18:03:09.786 [default-nioEventLoopGroup-1-7] ERROR i.m.h.s.netty.RoutingInBoundHandler - Error writing final response: java.lang.IllegalStateException: cannot send more responses than requests
io.netty.handler.codec.EncoderException: java.lang.IllegalStateException: cannot send more responses than requests
	at io.netty.handler.codec.MessageToMessageEncoder.write(MessageToMessageEncoder.java:107)
	at io.netty.handler.codec.MessageToMessageCodec.write(MessageToMessageCodec.java:116)
	at io.netty.channel.AbstractChannelHandlerContext.invokeWrite0(AbstractChannelHandlerContext.java:717)
	at io.netty.channel.AbstractChannelHandlerContext.invokeWrite(AbstractChannelHandlerContext.java:709)
	at io.netty.channel.AbstractChannelHandlerContext.write(AbstractChannelHandlerContext.java:792)
	at io.netty.channel.AbstractChannelHandlerContext.write(AbstractChannelHandlerContext.java:702)
	at io.netty.channel.ChannelDuplexHandler.write(ChannelDuplexHandler.java:115)
	at io.netty.handler.codec.http.websocketx.extensions.WebSocketServerExtensionHandler.write(WebSocketServerExtensionHandler.java:113)
	at io.netty.channel.AbstractChannelHandlerContext.invokeWrite0(AbstractChannelHandlerContext.java:717)
	at io.netty.channel.AbstractChannelHandlerContext.invokeWriteAndFlush(AbstractChannelHandlerContext.java:764)
	at io.netty.channel.AbstractChannelHandlerContext.write(AbstractChannelHandlerContext.java:790)
	at io.netty.channel.AbstractChannelHandlerContext.writeAndFlush(AbstractChannelHandlerContext.java:758)
	at io.micronaut.http.netty.stream.HttpStreamsHandler.unbufferedWrite(HttpStreamsHandler.java:386)
	at io.micronaut.http.netty.stream.HttpStreamsServerHandler.unbufferedWrite(HttpStreamsServerHandler.java:189)
	at io.micronaut.http.netty.stream.HttpStreamsServerHandler.unbufferedWrite(HttpStreamsServerHandler.java:58)
	at io.micronaut.http.netty.stream.HttpStreamsHandler.proceedWriteOutgoing(HttpStreamsHandler.java:373)
	at io.micronaut.http.netty.stream.HttpStreamsHandler.write(HttpStreamsHandler.java:353)
	at io.micronaut.http.netty.stream.HttpStreamsServerHandler.write(HttpStreamsServerHandler.java:58)
	at io.netty.channel.AbstractChannelHandlerContext.invokeWrite0(AbstractChannelHandlerContext.java:717)
	at io.netty.channel.AbstractChannelHandlerContext.invokeWrite(AbstractChannelHandlerContext.java:709)
	at io.netty.channel.AbstractChannelHandlerContext.write(AbstractChannelHandlerContext.java:792)
	at io.netty.channel.AbstractChannelHandlerContext.write(AbstractChannelHandlerContext.java:702)
	at io.netty.handler.stream.ChunkedWriteHandler.doFlush(ChunkedWriteHandler.java:302)
	at io.netty.handler.stream.ChunkedWriteHandler.flush(ChunkedWriteHandler.java:131)
	at io.netty.channel.AbstractChannelHandlerContext.invokeFlush0(AbstractChannelHandlerContext.java:750)
	at io.netty.channel.AbstractChannelHandlerContext.invokeFlush(AbstractChannelHandlerContext.java:742)
	at io.netty.channel.AbstractChannelHandlerContext.flush(AbstractChannelHandlerContext.java:728)
	at io.netty.channel.ChannelOutboundHandlerAdapter.flush(ChannelOutboundHandlerAdapter.java:125)
	at io.netty.channel.AbstractChannelHandlerContext.invokeFlush0(AbstractChannelHandlerContext.java:750)
	at io.netty.channel.AbstractChannelHandlerContext.invokeWriteAndFlush(AbstractChannelHandlerContext.java:765)
	at io.netty.channel.AbstractChannelHandlerContext.write(AbstractChannelHandlerContext.java:790)
	at io.netty.channel.AbstractChannelHandlerContext.writeAndFlush(AbstractChannelHandlerContext.java:758)
	at io.netty.channel.AbstractChannelHandlerContext.writeAndFlush(AbstractChannelHandlerContext.java:808)
	at io.micronaut.http.server.netty.RoutingInBoundHandler.syncWriteAndFlushNettyResponse(RoutingInBoundHandler.java:1320)
	at io.micronaut.http.server.netty.RoutingInBoundHandler.writeFinalNettyResponse(RoutingInBoundHandler.java:1309)
	at io.micronaut.http.server.netty.RoutingInBoundHandler.encodeHttpResponse(RoutingInBoundHandler.java:1040)
	at io.micronaut.http.server.netty.RoutingInBoundHandler.access$000(RoutingInBoundHandler.java:150)
	at io.micronaut.http.server.netty.RoutingInBoundHandler$1.onNext(RoutingInBoundHandler.java:514)
	at io.micronaut.http.server.netty.RoutingInBoundHandler$1.onNext(RoutingInBoundHandler.java:502)
	at reactor.core.publisher.StrictSubscriber.onNext(StrictSubscriber.java:89)
	at io.micronaut.reactive.reactor.instrument.ReactorSubscriber.onNext(ReactorSubscriber.java:57)
	at reactor.core.publisher.FluxContextWrite$ContextWriteSubscriber.onNext(FluxContextWrite.java:107)
	at io.micronaut.reactive.reactor.instrument.ReactorSubscriber.onNext(ReactorSubscriber.java:57)
	at reactor.core.publisher.FluxOnErrorResume$ResumeSubscriber.onNext(FluxOnErrorResume.java:79)
	at io.micronaut.reactive.reactor.instrument.ReactorSubscriber.onNext(ReactorSubscriber.java:57)
	at reactor.core.publisher.FluxFlatMap$FlatMapMain.drainLoop(FluxFlatMap.java:712)
	at reactor.core.publisher.FluxFlatMap$FlatMapMain.drain(FluxFlatMap.java:588)
	at reactor.core.publisher.FluxFlatMap$FlatMapInner.onSubscribe(FluxFlatMap.java:955)
	at io.micronaut.reactive.reactor.instrument.ReactorSubscriber.onSubscribe(ReactorSubscriber.java:50)
	at reactor.core.publisher.FluxJust.subscribe(FluxJust.java:68)
	at reactor.core.publisher.Flux.subscribe(Flux.java:8466)
	at reactor.core.publisher.FluxFlatMap$FlatMapMain.onNext(FluxFlatMap.java:426)
	at io.micronaut.configuration.metrics.binder.web.WebMetricsPublisher$1.onNext(WebMetricsPublisher.java:165)
	at io.micronaut.configuration.metrics.binder.web.WebMetricsPublisher$1.onNext(WebMetricsPublisher.java:150)
	at io.micronaut.reactive.reactor.instrument.ReactorSubscriber.onNext(ReactorSubscriber.java:57)
	at reactor.core.publisher.FluxOnErrorResume$ResumeSubscriber.onNext(FluxOnErrorResume.java:79)
	at io.micronaut.reactive.reactor.instrument.ReactorSubscriber.onNext(ReactorSubscriber.java:57)
	at reactor.core.publisher.FluxFlatMap$FlatMapMain.drainLoop(FluxFlatMap.java:712)
	at reactor.core.publisher.FluxFlatMap$FlatMapMain.drain(FluxFlatMap.java:588)
	at reactor.core.publisher.FluxFlatMap$FlatMapInner.onSubscribe(FluxFlatMap.java:955)
	at io.micronaut.reactive.reactor.instrument.ReactorSubscriber.onSubscribe(ReactorSubscriber.java:50)
	at reactor.core.publisher.FluxJust.subscribe(FluxJust.java:68)
	at reactor.core.publisher.Flux.subscribe(Flux.java:8466)
	at reactor.core.publisher.FluxFlatMap$FlatMapMain.onNext(FluxFlatMap.java:426)
	at io.micronaut.reactive.reactor.instrument.ReactorSubscriber.onNext(ReactorSubscriber.java:57)
	at reactor.core.publisher.FluxOnErrorResume$ResumeSubscriber.onNext(FluxOnErrorResume.java:79)
	at io.micronaut.reactive.reactor.instrument.ReactorSubscriber.onNext(ReactorSubscriber.java:57)
	at reactor.core.publisher.FluxFlatMap$FlatMapMain.drainLoop(FluxFlatMap.java:712)
	at reactor.core.publisher.FluxFlatMap$FlatMapMain.drain(FluxFlatMap.java:588)
	at reactor.core.publisher.FluxFlatMap$FlatMapInner.onSubscribe(FluxFlatMap.java:955)
	at io.micronaut.reactive.reactor.instrument.ReactorSubscriber.onSubscribe(ReactorSubscriber.java:50)
	at reactor.core.publisher.FluxJust.subscribe(FluxJust.java:68)
	at reactor.core.publisher.Flux.subscribe(Flux.java:8466)
	at reactor.core.publisher.FluxFlatMap$FlatMapMain.onNext(FluxFlatMap.java:426)
	at io.micronaut.reactive.reactor.instrument.ReactorSubscriber.onNext(ReactorSubscriber.java:57)
	at reactor.core.publisher.Operators$MonoSubscriber.complete(Operators.java:1816)
	at reactor.core.publisher.MonoCallable.subscribe(MonoCallable.java:62)
	at reactor.core.publisher.InternalFluxOperator.subscribe(InternalFluxOperator.java:62)
	at io.micronaut.configuration.metrics.binder.web.WebMetricsPublisher.subscribe(WebMetricsPublisher.java:150)
	at reactor.core.publisher.Flux.subscribe(Flux.java:8466)
	at io.micronaut.http.server.netty.RoutingInBoundHandler.filterAndEncodeResponse(RoutingInBoundHandler.java:502)
	at io.micronaut.http.server.netty.RoutingInBoundHandler.exceptionCaught(RoutingInBoundHandler.java:282)
	at io.netty.channel.AbstractChannelHandlerContext.invokeExceptionCaught(AbstractChannelHandlerContext.java:302)
	at io.netty.channel.AbstractChannelHandlerContext.invokeExceptionCaught(AbstractChannelHandlerContext.java:281)
	at io.netty.channel.AbstractChannelHandlerContext.fireExceptionCaught(AbstractChannelHandlerContext.java:273)
	at io.netty.channel.CombinedChannelDuplexHandler$DelegatingChannelHandlerContext.fireExceptionCaught(CombinedChannelDuplexHandler.java:424)
	at io.netty.channel.ChannelHandlerAdapter.exceptionCaught(ChannelHandlerAdapter.java:92)
	at io.netty.channel.CombinedChannelDuplexHandler$1.fireExceptionCaught(CombinedChannelDuplexHandler.java:145)
	at io.netty.channel.ChannelInboundHandlerAdapter.exceptionCaught(ChannelInboundHandlerAdapter.java:143)
	at io.netty.channel.CombinedChannelDuplexHandler.exceptionCaught(CombinedChannelDuplexHandler.java:231)
	at io.netty.channel.AbstractChannelHandlerContext.invokeExceptionCaught(AbstractChannelHandlerContext.java:302)
	at io.netty.channel.AbstractChannelHandlerContext.invokeExceptionCaught(AbstractChannelHandlerContext.java:281)
	at io.netty.channel.AbstractChannelHandlerContext.fireExceptionCaught(AbstractChannelHandlerContext.java:273)
	at io.netty.channel.DefaultChannelPipeline$HeadContext.exceptionCaught(DefaultChannelPipeline.java:1377)
	at io.netty.channel.AbstractChannelHandlerContext.invokeExceptionCaught(AbstractChannelHandlerContext.java:302)
	at io.netty.channel.AbstractChannelHandlerContext.invokeExceptionCaught(AbstractChannelHandlerContext.java:281)
	at io.netty.channel.DefaultChannelPipeline.fireExceptionCaught(DefaultChannelPipeline.java:907)
	at io.netty.channel.nio.AbstractNioByteChannel$NioByteUnsafe.handleReadException(AbstractNioByteChannel.java:125)
	at io.netty.channel.nio.AbstractNioByteChannel$NioByteUnsafe.read(AbstractNioByteChannel.java:177)
	at io.netty.channel.nio.NioEventLoop.processSelectedKey(NioEventLoop.java:788)
	at io.netty.channel.nio.NioEventLoop.processSelectedKeysOptimized(NioEventLoop.java:724)
	at io.netty.channel.nio.NioEventLoop.processSelectedKeys(NioEventLoop.java:650)
	at io.netty.channel.nio.NioEventLoop.run(NioEventLoop.java:562)
	at io.netty.util.concurrent.SingleThreadEventExecutor$4.run(SingleThreadEventExecutor.java:997)
	at io.netty.util.internal.ThreadExecutorMap$2.run(ThreadExecutorMap.java:74)
	at io.netty.util.concurrent.FastThreadLocalRunnable.run(FastThreadLocalRunnable.java:30)
	at java.base/java.lang.Thread.run(Thread.java:834)
Caused by: java.lang.IllegalStateException: cannot send more responses than requests
	at io.netty.handler.codec.http.HttpContentEncoder.encode(HttpContentEncoder.java:124)
	at io.micronaut.http.server.netty.SmartHttpContentCompressor.encode(SmartHttpContentCompressor.java:65)
	at io.micronaut.http.server.netty.SmartHttpContentCompressor.encode(SmartHttpContentCompressor.java:33)
	at io.netty.handler.codec.MessageToMessageCodec$1.encode(MessageToMessageCodec.java:67)
	at io.netty.handler.codec.MessageToMessageEncoder.write(MessageToMessageEncoder.java:90)
	... 106 common frames omitted
18:03:25.456 [default-nioEventLoopGroup-1-5] ERROR i.m.d.registration.AutoRegistration - Error reporting passing state to Eureka: Client 'eureka': Connect Error: Connection refused: no further information: localhost/127.0.0.1:8761
io.micronaut.http.client.exceptions.HttpClientException: Client 'eureka': Connect Error: Connection refused: no further information: localhost/127.0.0.1:8761
	at io.micronaut.http.client.netty.DefaultHttpClient.lambda$exchangeImpl$43(DefaultHttpClient.java:1340)
	at io.micronaut.http.client.netty.DefaultHttpClient.lambda$addInstrumentedListener$65(DefaultHttpClient.java:2686)
	at io.netty.util.concurrent.DefaultPromise.notifyListener0(DefaultPromise.java:578)
	at io.netty.util.concurrent.DefaultPromise.notifyListeners0(DefaultPromise.java:571)
	at io.netty.util.concurrent.DefaultPromise.notifyListenersNow(DefaultPromise.java:550)
	at io.netty.util.concurrent.DefaultPromise.notifyListeners(DefaultPromise.java:491)
	at io.netty.util.concurrent.DefaultPromise.setValue0(DefaultPromise.java:616)
	at io.netty.util.concurrent.DefaultPromise.setFailure0(DefaultPromise.java:609)
	at io.netty.util.concurrent.DefaultPromise.tryFailure(DefaultPromise.java:117)
	at io.netty.channel.nio.AbstractNioChannel$AbstractNioUnsafe.fulfillConnectPromise(AbstractNioChannel.java:321)
	at io.netty.channel.nio.AbstractNioChannel$AbstractNioUnsafe.finishConnect(AbstractNioChannel.java:337)
	at io.netty.channel.nio.NioEventLoop.processSelectedKey(NioEventLoop.java:776)
	at io.netty.channel.nio.NioEventLoop.processSelectedKeysOptimized(NioEventLoop.java:724)
	at io.netty.channel.nio.NioEventLoop.processSelectedKeys(NioEventLoop.java:650)
	at io.netty.channel.nio.NioEventLoop.run(NioEventLoop.java:562)
	at io.netty.util.concurrent.SingleThreadEventExecutor$4.run(SingleThreadEventExecutor.java:997)
	at io.netty.util.internal.ThreadExecutorMap$2.run(ThreadExecutorMap.java:74)
	at io.netty.util.concurrent.FastThreadLocalRunnable.run(FastThreadLocalRunnable.java:30)
	at java.base/java.lang.Thread.run(Thread.java:834)
Caused by: io.netty.channel.AbstractChannel$AnnotatedConnectException: Connection refused: no further information: localhost/127.0.0.1:8761
Caused by: java.net.ConnectException: Connection refused: no further information
	at java.base/sun.nio.ch.SocketChannelImpl.checkConnect(Native Method)
	at java.base/sun.nio.ch.SocketChannelImpl.finishConnect(SocketChannelImpl.java:779)
	at io.netty.channel.socket.nio.NioSocketChannel.doFinishConnect(NioSocketChannel.java:337)
	at io.netty.channel.nio.AbstractNioChannel$AbstractNioUnsafe.finishConnect(AbstractNioChannel.java:334)
	at io.netty.channel.nio.NioEventLoop.processSelectedKey(NioEventLoop.java:776)
	at io.netty.channel.nio.NioEventLoop.processSelectedKeysOptimized(NioEventLoop.java:724)
	at io.netty.channel.nio.NioEventLoop.processSelectedKeys(NioEventLoop.java:650)
	at io.netty.channel.nio.NioEventLoop.run(NioEventLoop.java:562)
	at io.netty.util.concurrent.SingleThreadEventExecutor$4.run(SingleThreadEventExecutor.java:997)
	at io.netty.util.internal.ThreadExecutorMap$2.run(ThreadExecutorMap.java:74)
	at io.netty.util.concurrent.FastThreadLocalRunnable.run(FastThreadLocalRunnable.java:30)
	at java.base/java.lang.Thread.run(Thread.java:834)
18:05:56.053 [main] INFO  i.m.context.DefaultBeanContext - Reading bootstrap environment configuration
18:05:56.726 [main] INFO  com.zaxxer.hikari.HikariDataSource - HikariPool-1 - Starting...
18:05:57.351 [main] INFO  com.zaxxer.hikari.HikariDataSource - HikariPool-1 - Start completed.
18:05:57.745 [main] INFO  i.m.l.AbstractLiquibaseMigration - Running migrations for database with qualifier [default]
18:06:05.915 [main] INFO  io.micronaut.runtime.Micronaut - Startup completed in 12093ms. Server Running: http://localhost:51423
18:06:14.791 [default-nioEventLoopGroup-1-3] INFO  i.m.d.registration.AutoRegistration - Registered service [fruit-service] with Eureka
18:07:35.368 [default-nioEventLoopGroup-1-16] INFO  i.h.controllers.FruitController - Saving  Fruit : Fruit(id=null, name=Apple, quantity=100, dateCreated=null, dateUpdated=null)
18:07:35.399 [default-nioEventLoopGroup-1-16] INFO  io.hashimati.services.FruitService - Saving  Fruit : Fruit(id=null, name=Apple, quantity=100, dateCreated=null, dateUpdated=null)
18:07:35.504 [default-nioEventLoopGroup-1-16] DEBUG io.micronaut.data.query - Executing SQL query: INSERT INTO `fruits` (`name`,`quantity`,`dateCreated`,`dateUpdated`) VALUES (?,?,?,?)
18:07:35.510 [default-nioEventLoopGroup-1-16] TRACE io.micronaut.data.query - Binding parameter at position 1 to value Apple with data type: STRING
18:07:35.511 [default-nioEventLoopGroup-1-16] TRACE io.micronaut.data.query - Binding parameter at position 2 to value 100 with data type: INTEGER
18:07:35.512 [default-nioEventLoopGroup-1-16] TRACE io.micronaut.data.query - Binding parameter at position 3 to value Fri Feb 17 18:07:35 AST 2023 with data type: DATE
18:07:35.523 [default-nioEventLoopGroup-1-16] TRACE io.micronaut.data.query - Binding parameter at position 4 to value Fri Feb 17 18:07:35 AST 2023 with data type: DATE
18:10:12.660 [default-nioEventLoopGroup-1-16] ERROR i.m.http.server.RouteExecutor - Unexpected error occurred: An existing connection was forcibly closed by the remote host
java.io.IOException: An existing connection was forcibly closed by the remote host
	at java.base/sun.nio.ch.SocketDispatcher.read0(Native Method)
	at java.base/sun.nio.ch.SocketDispatcher.read(SocketDispatcher.java:43)
	at java.base/sun.nio.ch.IOUtil.readIntoNativeBuffer(IOUtil.java:276)
	at java.base/sun.nio.ch.IOUtil.read(IOUtil.java:233)
	at java.base/sun.nio.ch.IOUtil.read(IOUtil.java:223)
	at java.base/sun.nio.ch.SocketChannelImpl.read(SocketChannelImpl.java:358)
	at io.netty.buffer.PooledByteBuf.setBytes(PooledByteBuf.java:258)
	at io.netty.buffer.AbstractByteBuf.writeBytes(AbstractByteBuf.java:1132)
	at io.netty.channel.socket.nio.NioSocketChannel.doReadBytes(NioSocketChannel.java:357)
	at io.netty.channel.nio.AbstractNioByteChannel$NioByteUnsafe.read(AbstractNioByteChannel.java:151)
	at io.netty.channel.nio.NioEventLoop.processSelectedKey(NioEventLoop.java:788)
	at io.netty.channel.nio.NioEventLoop.processSelectedKeysOptimized(NioEventLoop.java:724)
	at io.netty.channel.nio.NioEventLoop.processSelectedKeys(NioEventLoop.java:650)
	at io.netty.channel.nio.NioEventLoop.run(NioEventLoop.java:562)
	at io.netty.util.concurrent.SingleThreadEventExecutor$4.run(SingleThreadEventExecutor.java:997)
	at io.netty.util.internal.ThreadExecutorMap$2.run(ThreadExecutorMap.java:74)
	at io.netty.util.concurrent.FastThreadLocalRunnable.run(FastThreadLocalRunnable.java:30)
	at java.base/java.lang.Thread.run(Thread.java:834)
18:10:12.911 [default-nioEventLoopGroup-1-16] ERROR i.m.h.s.netty.RoutingInBoundHandler - Error writing final response: java.lang.IllegalStateException: cannot send more responses than requests
io.netty.handler.codec.EncoderException: java.lang.IllegalStateException: cannot send more responses than requests
	at io.netty.handler.codec.MessageToMessageEncoder.write(MessageToMessageEncoder.java:107)
	at io.netty.handler.codec.MessageToMessageCodec.write(MessageToMessageCodec.java:116)
	at io.netty.channel.AbstractChannelHandlerContext.invokeWrite0(AbstractChannelHandlerContext.java:717)
	at io.netty.channel.AbstractChannelHandlerContext.invokeWrite(AbstractChannelHandlerContext.java:709)
	at io.netty.channel.AbstractChannelHandlerContext.write(AbstractChannelHandlerContext.java:792)
	at io.netty.channel.AbstractChannelHandlerContext.write(AbstractChannelHandlerContext.java:702)
	at io.netty.channel.ChannelDuplexHandler.write(ChannelDuplexHandler.java:115)
	at io.netty.handler.codec.http.websocketx.extensions.WebSocketServerExtensionHandler.write(WebSocketServerExtensionHandler.java:113)
	at io.netty.channel.AbstractChannelHandlerContext.invokeWrite0(AbstractChannelHandlerContext.java:717)
	at io.netty.channel.AbstractChannelHandlerContext.invokeWriteAndFlush(AbstractChannelHandlerContext.java:764)
	at io.netty.channel.AbstractChannelHandlerContext.write(AbstractChannelHandlerContext.java:790)
	at io.netty.channel.AbstractChannelHandlerContext.writeAndFlush(AbstractChannelHandlerContext.java:758)
	at io.micronaut.http.netty.stream.HttpStreamsHandler.unbufferedWrite(HttpStreamsHandler.java:386)
	at io.micronaut.http.netty.stream.HttpStreamsServerHandler.unbufferedWrite(HttpStreamsServerHandler.java:189)
	at io.micronaut.http.netty.stream.HttpStreamsServerHandler.unbufferedWrite(HttpStreamsServerHandler.java:58)
	at io.micronaut.http.netty.stream.HttpStreamsHandler.proceedWriteOutgoing(HttpStreamsHandler.java:373)
	at io.micronaut.http.netty.stream.HttpStreamsHandler.write(HttpStreamsHandler.java:353)
	at io.micronaut.http.netty.stream.HttpStreamsServerHandler.write(HttpStreamsServerHandler.java:58)
	at io.netty.channel.AbstractChannelHandlerContext.invokeWrite0(AbstractChannelHandlerContext.java:717)
	at io.netty.channel.AbstractChannelHandlerContext.invokeWrite(AbstractChannelHandlerContext.java:709)
	at io.netty.channel.AbstractChannelHandlerContext.write(AbstractChannelHandlerContext.java:792)
	at io.netty.channel.AbstractChannelHandlerContext.write(AbstractChannelHandlerContext.java:702)
	at io.netty.handler.stream.ChunkedWriteHandler.doFlush(ChunkedWriteHandler.java:302)
	at io.netty.handler.stream.ChunkedWriteHandler.flush(ChunkedWriteHandler.java:131)
	at io.netty.channel.AbstractChannelHandlerContext.invokeFlush0(AbstractChannelHandlerContext.java:750)
	at io.netty.channel.AbstractChannelHandlerContext.invokeFlush(AbstractChannelHandlerContext.java:742)
	at io.netty.channel.AbstractChannelHandlerContext.flush(AbstractChannelHandlerContext.java:728)
	at io.netty.channel.ChannelOutboundHandlerAdapter.flush(ChannelOutboundHandlerAdapter.java:125)
	at io.netty.channel.AbstractChannelHandlerContext.invokeFlush0(AbstractChannelHandlerContext.java:750)
	at io.netty.channel.AbstractChannelHandlerContext.invokeWriteAndFlush(AbstractChannelHandlerContext.java:765)
	at io.netty.channel.AbstractChannelHandlerContext.write(AbstractChannelHandlerContext.java:790)
	at io.netty.channel.AbstractChannelHandlerContext.writeAndFlush(AbstractChannelHandlerContext.java:758)
	at io.netty.channel.AbstractChannelHandlerContext.writeAndFlush(AbstractChannelHandlerContext.java:808)
	at io.micronaut.http.server.netty.RoutingInBoundHandler.syncWriteAndFlushNettyResponse(RoutingInBoundHandler.java:1320)
	at io.micronaut.http.server.netty.RoutingInBoundHandler.writeFinalNettyResponse(RoutingInBoundHandler.java:1309)
	at io.micronaut.http.server.netty.RoutingInBoundHandler.encodeHttpResponse(RoutingInBoundHandler.java:1040)
	at io.micronaut.http.server.netty.RoutingInBoundHandler.access$000(RoutingInBoundHandler.java:150)
	at io.micronaut.http.server.netty.RoutingInBoundHandler$1.onNext(RoutingInBoundHandler.java:514)
	at io.micronaut.http.server.netty.RoutingInBoundHandler$1.onNext(RoutingInBoundHandler.java:502)
	at reactor.core.publisher.StrictSubscriber.onNext(StrictSubscriber.java:89)
	at io.micronaut.reactive.reactor.instrument.ReactorSubscriber.onNext(ReactorSubscriber.java:57)
	at reactor.core.publisher.FluxContextWrite$ContextWriteSubscriber.onNext(FluxContextWrite.java:107)
	at io.micronaut.reactive.reactor.instrument.ReactorSubscriber.onNext(ReactorSubscriber.java:57)
	at reactor.core.publisher.FluxOnErrorResume$ResumeSubscriber.onNext(FluxOnErrorResume.java:79)
	at io.micronaut.reactive.reactor.instrument.ReactorSubscriber.onNext(ReactorSubscriber.java:57)
	at reactor.core.publisher.FluxFlatMap$FlatMapMain.drainLoop(FluxFlatMap.java:712)
	at reactor.core.publisher.FluxFlatMap$FlatMapMain.drain(FluxFlatMap.java:588)
	at reactor.core.publisher.FluxFlatMap$FlatMapInner.onSubscribe(FluxFlatMap.java:955)
	at io.micronaut.reactive.reactor.instrument.ReactorSubscriber.onSubscribe(ReactorSubscriber.java:50)
	at reactor.core.publisher.FluxJust.subscribe(FluxJust.java:68)
	at reactor.core.publisher.Flux.subscribe(Flux.java:8466)
	at reactor.core.publisher.FluxFlatMap$FlatMapMain.onNext(FluxFlatMap.java:426)
	at io.micronaut.configuration.metrics.binder.web.WebMetricsPublisher$1.onNext(WebMetricsPublisher.java:165)
	at io.micronaut.configuration.metrics.binder.web.WebMetricsPublisher$1.onNext(WebMetricsPublisher.java:150)
	at io.micronaut.reactive.reactor.instrument.ReactorSubscriber.onNext(ReactorSubscriber.java:57)
	at reactor.core.publisher.FluxOnErrorResume$ResumeSubscriber.onNext(FluxOnErrorResume.java:79)
	at io.micronaut.reactive.reactor.instrument.ReactorSubscriber.onNext(ReactorSubscriber.java:57)
	at reactor.core.publisher.FluxFlatMap$FlatMapMain.drainLoop(FluxFlatMap.java:712)
	at reactor.core.publisher.FluxFlatMap$FlatMapMain.drain(FluxFlatMap.java:588)
	at reactor.core.publisher.FluxFlatMap$FlatMapInner.onSubscribe(FluxFlatMap.java:955)
	at io.micronaut.reactive.reactor.instrument.ReactorSubscriber.onSubscribe(ReactorSubscriber.java:50)
	at reactor.core.publisher.FluxJust.subscribe(FluxJust.java:68)
	at reactor.core.publisher.Flux.subscribe(Flux.java:8466)
	at reactor.core.publisher.FluxFlatMap$FlatMapMain.onNext(FluxFlatMap.java:426)
	at io.micronaut.reactive.reactor.instrument.ReactorSubscriber.onNext(ReactorSubscriber.java:57)
	at reactor.core.publisher.FluxOnErrorResume$ResumeSubscriber.onNext(FluxOnErrorResume.java:79)
	at io.micronaut.reactive.reactor.instrument.ReactorSubscriber.onNext(ReactorSubscriber.java:57)
	at reactor.core.publisher.FluxFlatMap$FlatMapMain.drainLoop(FluxFlatMap.java:712)
	at reactor.core.publisher.FluxFlatMap$FlatMapMain.drain(FluxFlatMap.java:588)
	at reactor.core.publisher.FluxFlatMap$FlatMapInner.onSubscribe(FluxFlatMap.java:955)
	at io.micronaut.reactive.reactor.instrument.ReactorSubscriber.onSubscribe(ReactorSubscriber.java:50)
	at reactor.core.publisher.FluxJust.subscribe(FluxJust.java:68)
	at reactor.core.publisher.Flux.subscribe(Flux.java:8466)
	at reactor.core.publisher.FluxFlatMap$FlatMapMain.onNext(FluxFlatMap.java:426)
	at io.micronaut.reactive.reactor.instrument.ReactorSubscriber.onNext(ReactorSubscriber.java:57)
	at reactor.core.publisher.Operators$MonoSubscriber.complete(Operators.java:1816)
	at reactor.core.publisher.MonoCallable.subscribe(MonoCallable.java:62)
	at reactor.core.publisher.InternalFluxOperator.subscribe(InternalFluxOperator.java:62)
	at io.micronaut.configuration.metrics.binder.web.WebMetricsPublisher.subscribe(WebMetricsPublisher.java:150)
	at reactor.core.publisher.Flux.subscribe(Flux.java:8466)
	at io.micronaut.http.server.netty.RoutingInBoundHandler.filterAndEncodeResponse(RoutingInBoundHandler.java:502)
	at io.micronaut.http.server.netty.RoutingInBoundHandler.exceptionCaught(RoutingInBoundHandler.java:282)
	at io.netty.channel.AbstractChannelHandlerContext.invokeExceptionCaught(AbstractChannelHandlerContext.java:302)
	at io.netty.channel.AbstractChannelHandlerContext.invokeExceptionCaught(AbstractChannelHandlerContext.java:281)
	at io.netty.channel.AbstractChannelHandlerContext.fireExceptionCaught(AbstractChannelHandlerContext.java:273)
	at io.netty.channel.CombinedChannelDuplexHandler$DelegatingChannelHandlerContext.fireExceptionCaught(CombinedChannelDuplexHandler.java:424)
	at io.netty.channel.ChannelHandlerAdapter.exceptionCaught(ChannelHandlerAdapter.java:92)
	at io.netty.channel.CombinedChannelDuplexHandler$1.fireExceptionCaught(CombinedChannelDuplexHandler.java:145)
	at io.netty.channel.ChannelInboundHandlerAdapter.exceptionCaught(ChannelInboundHandlerAdapter.java:143)
	at io.netty.channel.CombinedChannelDuplexHandler.exceptionCaught(CombinedChannelDuplexHandler.java:231)
	at io.netty.channel.AbstractChannelHandlerContext.invokeExceptionCaught(AbstractChannelHandlerContext.java:302)
	at io.netty.channel.AbstractChannelHandlerContext.invokeExceptionCaught(AbstractChannelHandlerContext.java:281)
	at io.netty.channel.AbstractChannelHandlerContext.fireExceptionCaught(AbstractChannelHandlerContext.java:273)
	at io.netty.channel.DefaultChannelPipeline$HeadContext.exceptionCaught(DefaultChannelPipeline.java:1377)
	at io.netty.channel.AbstractChannelHandlerContext.invokeExceptionCaught(AbstractChannelHandlerContext.java:302)
	at io.netty.channel.AbstractChannelHandlerContext.invokeExceptionCaught(AbstractChannelHandlerContext.java:281)
	at io.netty.channel.DefaultChannelPipeline.fireExceptionCaught(DefaultChannelPipeline.java:907)
	at io.netty.channel.nio.AbstractNioByteChannel$NioByteUnsafe.handleReadException(AbstractNioByteChannel.java:125)
	at io.netty.channel.nio.AbstractNioByteChannel$NioByteUnsafe.read(AbstractNioByteChannel.java:177)
	at io.netty.channel.nio.NioEventLoop.processSelectedKey(NioEventLoop.java:788)
	at io.netty.channel.nio.NioEventLoop.processSelectedKeysOptimized(NioEventLoop.java:724)
	at io.netty.channel.nio.NioEventLoop.processSelectedKeys(NioEventLoop.java:650)
	at io.netty.channel.nio.NioEventLoop.run(NioEventLoop.java:562)
	at io.netty.util.concurrent.SingleThreadEventExecutor$4.run(SingleThreadEventExecutor.java:997)
	at io.netty.util.internal.ThreadExecutorMap$2.run(ThreadExecutorMap.java:74)
	at io.netty.util.concurrent.FastThreadLocalRunnable.run(FastThreadLocalRunnable.java:30)
	at java.base/java.lang.Thread.run(Thread.java:834)
Caused by: java.lang.IllegalStateException: cannot send more responses than requests
	at io.netty.handler.codec.http.HttpContentEncoder.encode(HttpContentEncoder.java:124)
	at io.micronaut.http.server.netty.SmartHttpContentCompressor.encode(SmartHttpContentCompressor.java:65)
	at io.micronaut.http.server.netty.SmartHttpContentCompressor.encode(SmartHttpContentCompressor.java:33)
	at io.netty.handler.codec.MessageToMessageCodec$1.encode(MessageToMessageCodec.java:67)
	at io.netty.handler.codec.MessageToMessageEncoder.write(MessageToMessageEncoder.java:90)
	... 106 common frames omitted
12:21:34.844 [main] INFO  i.m.context.DefaultBeanContext - Reading bootstrap environment configuration
12:21:35.393 [main] INFO  com.zaxxer.hikari.HikariDataSource - HikariPool-1 - Starting...
12:21:35.988 [main] INFO  com.zaxxer.hikari.HikariDataSource - HikariPool-1 - Start completed.
12:21:36.214 [main] INFO  i.m.l.AbstractLiquibaseMigration - Running migrations for database with qualifier [default]
12:21:43.292 [main] INFO  io.micronaut.runtime.Micronaut - Startup completed in 10921ms. Server Running: http://localhost:54471
12:21:45.148 [default-nioEventLoopGroup-1-2] INFO  i.m.d.registration.AutoRegistration - Registered service [fruit-service] with Eureka
12:22:03.336 [default-nioEventLoopGroup-1-5] INFO  i.h.controllers.FruitController - Saving  Fruit : Fruit(id=null, name=Apple, quantity=100, dateCreated=null, dateUpdated=null)
12:22:03.413 [default-nioEventLoopGroup-1-5] INFO  io.hashimati.services.FruitService - Saving  Fruit : Fruit(id=null, name=Apple, quantity=100, dateCreated=null, dateUpdated=null)
12:22:03.760 [default-nioEventLoopGroup-1-5] DEBUG io.micronaut.data.query - Executing SQL query: INSERT INTO `fruits` (`name`,`quantity`,`dateCreated`,`dateUpdated`) VALUES (?,?,?,?)
12:22:03.769 [default-nioEventLoopGroup-1-5] TRACE io.micronaut.data.query - Binding parameter at position 1 to value Apple with data type: STRING
12:22:03.771 [default-nioEventLoopGroup-1-5] TRACE io.micronaut.data.query - Binding parameter at position 2 to value 100 with data type: INTEGER
12:22:03.771 [default-nioEventLoopGroup-1-5] TRACE io.micronaut.data.query - Binding parameter at position 3 to value Sat Feb 18 12:22:03 AST 2023 with data type: DATE
12:22:03.789 [default-nioEventLoopGroup-1-5] TRACE io.micronaut.data.query - Binding parameter at position 4 to value Sat Feb 18 12:22:03 AST 2023 with data type: DATE
12:22:09.544 [default-nioEventLoopGroup-1-5] INFO  i.h.controllers.FruitController - Saving  Fruit : Fruit(id=null, name=Apple, quantity=100, dateCreated=null, dateUpdated=null)
12:22:09.545 [default-nioEventLoopGroup-1-5] INFO  io.hashimati.services.FruitService - Saving  Fruit : Fruit(id=null, name=Apple, quantity=100, dateCreated=null, dateUpdated=null)
12:22:09.547 [default-nioEventLoopGroup-1-5] DEBUG io.micronaut.data.query - Executing SQL query: INSERT INTO `fruits` (`name`,`quantity`,`dateCreated`,`dateUpdated`) VALUES (?,?,?,?)
12:22:09.547 [default-nioEventLoopGroup-1-5] TRACE io.micronaut.data.query - Binding parameter at position 1 to value Apple with data type: STRING
12:22:09.548 [default-nioEventLoopGroup-1-5] TRACE io.micronaut.data.query - Binding parameter at position 2 to value 100 with data type: INTEGER
12:22:09.548 [default-nioEventLoopGroup-1-5] TRACE io.micronaut.data.query - Binding parameter at position 3 to value Sat Feb 18 12:22:09 AST 2023 with data type: DATE
12:22:09.548 [default-nioEventLoopGroup-1-5] TRACE io.micronaut.data.query - Binding parameter at position 4 to value Sat Feb 18 12:22:09 AST 2023 with data type: DATE
12:23:19.214 [default-nioEventLoopGroup-1-5] ERROR i.m.http.server.RouteExecutor - Unexpected error occurred: An existing connection was forcibly closed by the remote host
java.io.IOException: An existing connection was forcibly closed by the remote host
	at java.base/sun.nio.ch.SocketDispatcher.read0(Native Method)
	at java.base/sun.nio.ch.SocketDispatcher.read(SocketDispatcher.java:43)
	at java.base/sun.nio.ch.IOUtil.readIntoNativeBuffer(IOUtil.java:276)
	at java.base/sun.nio.ch.IOUtil.read(IOUtil.java:233)
	at java.base/sun.nio.ch.IOUtil.read(IOUtil.java:223)
	at java.base/sun.nio.ch.SocketChannelImpl.read(SocketChannelImpl.java:358)
	at io.netty.buffer.PooledByteBuf.setBytes(PooledByteBuf.java:259)
	at io.netty.buffer.AbstractByteBuf.writeBytes(AbstractByteBuf.java:1132)
	at io.netty.channel.socket.nio.NioSocketChannel.doReadBytes(NioSocketChannel.java:357)
	at io.netty.channel.nio.AbstractNioByteChannel$NioByteUnsafe.read(AbstractNioByteChannel.java:151)
	at io.netty.channel.nio.NioEventLoop.processSelectedKey(NioEventLoop.java:788)
	at io.netty.channel.nio.NioEventLoop.processSelectedKeysOptimized(NioEventLoop.java:724)
	at io.netty.channel.nio.NioEventLoop.processSelectedKeys(NioEventLoop.java:650)
	at io.netty.channel.nio.NioEventLoop.run(NioEventLoop.java:562)
	at io.netty.util.concurrent.SingleThreadEventExecutor$4.run(SingleThreadEventExecutor.java:997)
	at io.netty.util.internal.ThreadExecutorMap$2.run(ThreadExecutorMap.java:74)
	at io.netty.util.concurrent.FastThreadLocalRunnable.run(FastThreadLocalRunnable.java:30)
	at java.base/java.lang.Thread.run(Thread.java:834)
12:23:19.548 [default-nioEventLoopGroup-1-5] ERROR i.m.h.s.netty.RoutingInBoundHandler - Error writing final response: java.lang.IllegalStateException: cannot send more responses than requests
io.netty.handler.codec.EncoderException: java.lang.IllegalStateException: cannot send more responses than requests
	at io.netty.handler.codec.MessageToMessageEncoder.write(MessageToMessageEncoder.java:107)
	at io.netty.handler.codec.MessageToMessageCodec.write(MessageToMessageCodec.java:116)
	at io.netty.channel.AbstractChannelHandlerContext.invokeWrite0(AbstractChannelHandlerContext.java:879)
	at io.netty.channel.AbstractChannelHandlerContext.invokeWrite(AbstractChannelHandlerContext.java:863)
	at io.netty.channel.AbstractChannelHandlerContext.write(AbstractChannelHandlerContext.java:968)
	at io.netty.channel.AbstractChannelHandlerContext.write(AbstractChannelHandlerContext.java:856)
	at io.netty.channel.ChannelDuplexHandler.write(ChannelDuplexHandler.java:115)
	at io.netty.handler.codec.http.websocketx.extensions.WebSocketServerExtensionHandler.write(WebSocketServerExtensionHandler.java:113)
	at io.netty.channel.AbstractChannelHandlerContext.invokeWrite0(AbstractChannelHandlerContext.java:879)
	at io.netty.channel.AbstractChannelHandlerContext.invokeWriteAndFlush(AbstractChannelHandlerContext.java:940)
	at io.netty.channel.AbstractChannelHandlerContext.write(AbstractChannelHandlerContext.java:966)
	at io.netty.channel.AbstractChannelHandlerContext.writeAndFlush(AbstractChannelHandlerContext.java:934)
	at io.micronaut.http.netty.stream.HttpStreamsHandler.unbufferedWrite(HttpStreamsHandler.java:386)
	at io.micronaut.http.netty.stream.HttpStreamsServerHandler.unbufferedWrite(HttpStreamsServerHandler.java:189)
	at io.micronaut.http.netty.stream.HttpStreamsServerHandler.unbufferedWrite(HttpStreamsServerHandler.java:58)
	at io.micronaut.http.netty.stream.HttpStreamsHandler.proceedWriteOutgoing(HttpStreamsHandler.java:373)
	at io.micronaut.http.netty.stream.HttpStreamsHandler.write(HttpStreamsHandler.java:353)
	at io.micronaut.http.netty.stream.HttpStreamsServerHandler.write(HttpStreamsServerHandler.java:58)
	at io.netty.channel.AbstractChannelHandlerContext.invokeWrite0(AbstractChannelHandlerContext.java:879)
	at io.netty.channel.AbstractChannelHandlerContext.invokeWrite(AbstractChannelHandlerContext.java:863)
	at io.netty.channel.AbstractChannelHandlerContext.write(AbstractChannelHandlerContext.java:968)
	at io.netty.channel.AbstractChannelHandlerContext.write(AbstractChannelHandlerContext.java:856)
	at io.netty.handler.stream.ChunkedWriteHandler.doFlush(ChunkedWriteHandler.java:302)
	at io.netty.handler.stream.ChunkedWriteHandler.flush(ChunkedWriteHandler.java:131)
	at io.netty.channel.AbstractChannelHandlerContext.invokeFlush0(AbstractChannelHandlerContext.java:923)
	at io.netty.channel.AbstractChannelHandlerContext.invokeFlush(AbstractChannelHandlerContext.java:907)
	at io.netty.channel.AbstractChannelHandlerContext.flush(AbstractChannelHandlerContext.java:893)
	at io.netty.channel.ChannelOutboundHandlerAdapter.flush(ChannelOutboundHandlerAdapter.java:125)
	at io.netty.channel.AbstractChannelHandlerContext.invokeFlush0(AbstractChannelHandlerContext.java:925)
	at io.netty.channel.AbstractChannelHandlerContext.invokeWriteAndFlush(AbstractChannelHandlerContext.java:941)
	at io.netty.channel.AbstractChannelHandlerContext.write(AbstractChannelHandlerContext.java:966)
	at io.netty.channel.AbstractChannelHandlerContext.writeAndFlush(AbstractChannelHandlerContext.java:934)
	at io.netty.channel.AbstractChannelHandlerContext.writeAndFlush(AbstractChannelHandlerContext.java:984)
	at io.micronaut.http.server.netty.RoutingInBoundHandler.syncWriteAndFlushNettyResponse(RoutingInBoundHandler.java:1320)
	at io.micronaut.http.server.netty.RoutingInBoundHandler.writeFinalNettyResponse(RoutingInBoundHandler.java:1309)
	at io.micronaut.http.server.netty.RoutingInBoundHandler.encodeHttpResponse(RoutingInBoundHandler.java:1040)
	at io.micronaut.http.server.netty.RoutingInBoundHandler.access$000(RoutingInBoundHandler.java:150)
	at io.micronaut.http.server.netty.RoutingInBoundHandler$1.onNext(RoutingInBoundHandler.java:514)
	at io.micronaut.http.server.netty.RoutingInBoundHandler$1.onNext(RoutingInBoundHandler.java:502)
	at reactor.core.publisher.StrictSubscriber.onNext(StrictSubscriber.java:89)
	at io.micronaut.reactive.reactor.instrument.ReactorSubscriber.onNext(ReactorSubscriber.java:57)
	at reactor.core.publisher.FluxContextWrite$ContextWriteSubscriber.onNext(FluxContextWrite.java:107)
	at io.micronaut.reactive.reactor.instrument.ReactorSubscriber.onNext(ReactorSubscriber.java:57)
	at reactor.core.publisher.FluxOnErrorResume$ResumeSubscriber.onNext(FluxOnErrorResume.java:79)
	at io.micronaut.reactive.reactor.instrument.ReactorSubscriber.onNext(ReactorSubscriber.java:57)
	at reactor.core.publisher.FluxFlatMap$FlatMapMain.drainLoop(FluxFlatMap.java:712)
	at reactor.core.publisher.FluxFlatMap$FlatMapMain.drain(FluxFlatMap.java:588)
	at reactor.core.publisher.FluxFlatMap$FlatMapInner.onSubscribe(FluxFlatMap.java:955)
	at io.micronaut.reactive.reactor.instrument.ReactorSubscriber.onSubscribe(ReactorSubscriber.java:50)
	at reactor.core.publisher.FluxJust.subscribe(FluxJust.java:68)
	at reactor.core.publisher.Flux.subscribe(Flux.java:8660)
	at reactor.core.publisher.FluxFlatMap$FlatMapMain.onNext(FluxFlatMap.java:426)
	at io.micronaut.configuration.metrics.binder.web.WebMetricsPublisher$1.onNext(WebMetricsPublisher.java:165)
	at io.micronaut.configuration.metrics.binder.web.WebMetricsPublisher$1.onNext(WebMetricsPublisher.java:150)
	at io.micronaut.reactive.reactor.instrument.ReactorSubscriber.onNext(ReactorSubscriber.java:57)
	at reactor.core.publisher.FluxOnErrorResume$ResumeSubscriber.onNext(FluxOnErrorResume.java:79)
	at io.micronaut.reactive.reactor.instrument.ReactorSubscriber.onNext(ReactorSubscriber.java:57)
	at reactor.core.publisher.FluxFlatMap$FlatMapMain.drainLoop(FluxFlatMap.java:712)
	at reactor.core.publisher.FluxFlatMap$FlatMapMain.drain(FluxFlatMap.java:588)
	at reactor.core.publisher.FluxFlatMap$FlatMapInner.onSubscribe(FluxFlatMap.java:955)
	at io.micronaut.reactive.reactor.instrument.ReactorSubscriber.onSubscribe(ReactorSubscriber.java:50)
	at reactor.core.publisher.FluxJust.subscribe(FluxJust.java:68)
	at reactor.core.publisher.Flux.subscribe(Flux.java:8660)
	at reactor.core.publisher.FluxFlatMap$FlatMapMain.onNext(FluxFlatMap.java:426)
	at io.micronaut.reactive.reactor.instrument.ReactorSubscriber.onNext(ReactorSubscriber.java:57)
	at reactor.core.publisher.FluxOnErrorResume$ResumeSubscriber.onNext(FluxOnErrorResume.java:79)
	at io.micronaut.reactive.reactor.instrument.ReactorSubscriber.onNext(ReactorSubscriber.java:57)
	at reactor.core.publisher.FluxFlatMap$FlatMapMain.drainLoop(FluxFlatMap.java:712)
	at reactor.core.publisher.FluxFlatMap$FlatMapMain.drain(FluxFlatMap.java:588)
	at reactor.core.publisher.FluxFlatMap$FlatMapInner.onSubscribe(FluxFlatMap.java:955)
	at io.micronaut.reactive.reactor.instrument.ReactorSubscriber.onSubscribe(ReactorSubscriber.java:50)
	at reactor.core.publisher.FluxJust.subscribe(FluxJust.java:68)
	at reactor.core.publisher.Flux.subscribe(Flux.java:8660)
	at reactor.core.publisher.FluxFlatMap$FlatMapMain.onNext(FluxFlatMap.java:426)
	at io.micronaut.reactive.reactor.instrument.ReactorSubscriber.onNext(ReactorSubscriber.java:57)
	at reactor.core.publisher.FluxOnErrorResume$ResumeSubscriber.onNext(FluxOnErrorResume.java:79)
	at io.micronaut.reactive.reactor.instrument.ReactorSubscriber.onNext(ReactorSubscriber.java:57)
	at reactor.core.publisher.FluxFlatMap$FlatMapMain.drainLoop(FluxFlatMap.java:712)
	at reactor.core.publisher.FluxFlatMap$FlatMapMain.drain(FluxFlatMap.java:588)
	at reactor.core.publisher.FluxFlatMap$FlatMapInner.onSubscribe(FluxFlatMap.java:955)
	at io.micronaut.reactive.reactor.instrument.ReactorSubscriber.onSubscribe(ReactorSubscriber.java:50)
	at reactor.core.publisher.FluxJust.subscribe(FluxJust.java:68)
	at reactor.core.publisher.Flux.subscribe(Flux.java:8660)
	at reactor.core.publisher.FluxFlatMap$FlatMapMain.onNext(FluxFlatMap.java:426)
	at io.micronaut.reactive.reactor.instrument.ReactorSubscriber.onNext(ReactorSubscriber.java:57)
	at reactor.core.publisher.MonoCallable$MonoCallableSubscription.request(MonoCallable.java:156)
	at reactor.core.publisher.FluxFlatMap$FlatMapMain.onSubscribe(FluxFlatMap.java:371)
	at io.micronaut.reactive.reactor.instrument.ReactorSubscriber.onSubscribe(ReactorSubscriber.java:50)
	at reactor.core.publisher.MonoCallable.subscribe(MonoCallable.java:48)
	at reactor.core.publisher.InternalFluxOperator.subscribe(InternalFluxOperator.java:62)
	at io.micronaut.configuration.metrics.binder.web.WebMetricsPublisher.subscribe(WebMetricsPublisher.java:150)
	at reactor.core.publisher.Flux.subscribe(Flux.java:8660)
	at io.micronaut.http.server.netty.RoutingInBoundHandler.filterAndEncodeResponse(RoutingInBoundHandler.java:502)
	at io.micronaut.http.server.netty.RoutingInBoundHandler.exceptionCaught(RoutingInBoundHandler.java:282)
	at io.netty.channel.AbstractChannelHandlerContext.invokeExceptionCaught(AbstractChannelHandlerContext.java:346)
	at io.netty.channel.AbstractChannelHandlerContext.invokeExceptionCaught(AbstractChannelHandlerContext.java:325)
	at io.netty.channel.AbstractChannelHandlerContext.fireExceptionCaught(AbstractChannelHandlerContext.java:317)
	at io.netty.channel.CombinedChannelDuplexHandler$DelegatingChannelHandlerContext.fireExceptionCaught(CombinedChannelDuplexHandler.java:424)
	at io.netty.channel.ChannelHandlerAdapter.exceptionCaught(ChannelHandlerAdapter.java:92)
	at io.netty.channel.CombinedChannelDuplexHandler$1.fireExceptionCaught(CombinedChannelDuplexHandler.java:145)
	at io.netty.channel.ChannelInboundHandlerAdapter.exceptionCaught(ChannelInboundHandlerAdapter.java:143)
	at io.netty.channel.CombinedChannelDuplexHandler.exceptionCaught(CombinedChannelDuplexHandler.java:231)
	at io.netty.channel.AbstractChannelHandlerContext.invokeExceptionCaught(AbstractChannelHandlerContext.java:346)
	at io.netty.channel.AbstractChannelHandlerContext.invokeExceptionCaught(AbstractChannelHandlerContext.java:325)
	at io.netty.channel.AbstractChannelHandlerContext.fireExceptionCaught(AbstractChannelHandlerContext.java:317)
	at io.netty.channel.DefaultChannelPipeline$HeadContext.exceptionCaught(DefaultChannelPipeline.java:1377)
	at io.netty.channel.AbstractChannelHandlerContext.invokeExceptionCaught(AbstractChannelHandlerContext.java:346)
	at io.netty.channel.AbstractChannelHandlerContext.invokeExceptionCaught(AbstractChannelHandlerContext.java:325)
	at io.netty.channel.DefaultChannelPipeline.fireExceptionCaught(DefaultChannelPipeline.java:907)
	at io.netty.channel.nio.AbstractNioByteChannel$NioByteUnsafe.handleReadException(AbstractNioByteChannel.java:125)
	at io.netty.channel.nio.AbstractNioByteChannel$NioByteUnsafe.read(AbstractNioByteChannel.java:177)
	at io.netty.channel.nio.NioEventLoop.processSelectedKey(NioEventLoop.java:788)
	at io.netty.channel.nio.NioEventLoop.processSelectedKeysOptimized(NioEventLoop.java:724)
	at io.netty.channel.nio.NioEventLoop.processSelectedKeys(NioEventLoop.java:650)
	at io.netty.channel.nio.NioEventLoop.run(NioEventLoop.java:562)
	at io.netty.util.concurrent.SingleThreadEventExecutor$4.run(SingleThreadEventExecutor.java:997)
	at io.netty.util.internal.ThreadExecutorMap$2.run(ThreadExecutorMap.java:74)
	at io.netty.util.concurrent.FastThreadLocalRunnable.run(FastThreadLocalRunnable.java:30)
	at java.base/java.lang.Thread.run(Thread.java:834)
Caused by: java.lang.IllegalStateException: cannot send more responses than requests
	at io.netty.handler.codec.http.HttpContentEncoder.encode(HttpContentEncoder.java:125)
	at io.micronaut.http.server.netty.SmartHttpContentCompressor.encode(SmartHttpContentCompressor.java:65)
	at io.micronaut.http.server.netty.SmartHttpContentCompressor.encode(SmartHttpContentCompressor.java:33)
	at io.netty.handler.codec.MessageToMessageCodec$1.encode(MessageToMessageCodec.java:67)
	at io.netty.handler.codec.MessageToMessageEncoder.write(MessageToMessageEncoder.java:90)
	... 118 common frames omitted
